2026-07-13 02:21:59 │ INFO     │ [96mConfiguration: mode=ALL SITE | format=ALL | hoster=ALL | output=csv | workers=5[0m
2026-07-13 02:21:59 │ INFO     │ [96m[96m--- Starting FULL SITE scrape ---[0m[0m
2026-07-13 02:21:59 │ INFO     │ [96mLooking for sitemap: https://switchroms.io/sitemap_index.xml[0m
2026-07-13 02:22:00 │ INFO     │ [96mUsing sitemap: https://switchroms.io/sitemap_index.xml[0m
2026-07-13 02:22:00 │ INFO     │ [96mReading sub-sitemap: https://switchroms.io/post-sitemap1.xml[0m
2026-07-13 02:22:02 │ INFO     │ [96mReading sub-sitemap: https://switchroms.io/post-sitemap2.xml[0m
2026-07-13 02:22:04 │ INFO     │ [96mReading sub-sitemap: https://switchroms.io/post-sitemap3.xml[0m
2026-07-13 02:22:05 │ INFO     │ [96m[96mSitemap discovery found 491 candidate game pages.[0m[0m
2026-07-13 02:22:16 │ INFO     │ [96m  [1] [1mBaten Kaitos I & II HD Remaster[0m — 6 mirrors[0m
2026-07-13 02:22:19 │ INFO     │ [96m  [2] [1mSuikoden I&II HD Remaster Gate Rune and Dunan Unification Wars[0m — 8 mirrors[0m
2026-07-13 02:22:22 │ INFO     │ [96m  [3] [1mMoonleap[0m — 10 mirrors[0m
2026-07-13 02:22:23 │ INFO     │ [96m  [4] [1mAtelier Yumia: The Alchemist of Memories & the Envisioned Land[0m — 10 mirrors[0m
2026-07-13 02:22:29 │ INFO     │ [96m  [5] [1mSociable Soccer 25[0m — 3 mirrors[0m
2026-07-13 02:22:30 │ INFO     │ [96m  [6] [1mSid Meier’s Civilization VI[0m — 8 mirrors[0m
2026-07-13 02:22:36 │ INFO     │ [96m  [7] [1mMario & Luigi: Brothership[0m — 9 mirrors[0m
2026-07-13 02:22:37 │ INFO     │ [96m  [8] [1mBIOMORPH[0m — 8 mirrors[0m
2026-07-13 02:22:37 │ INFO     │ [96m  [9] [1mVampires and Knights : Eclipse Survival & Magic Craft[0m — 3 mirrors[0m
2026-07-13 02:22:37 │ INFO     │ [96m  [10] [1mSpirit Valor[0m — 4 mirrors[0m
2026-07-13 02:22:42 │ INFO     │ [96m  [11] [1mThe Renovator: Origins[0m — 3 mirrors[0m
2026-07-13 02:22:45 │ INFO     │ [96m  [12] [1mSONOKUNI[0m — 4 mirrors[0m
2026-07-13 02:22:45 │ INFO     │ [96m  [13] [1mMortal Kombat 1 Premium Edition[0m — 25 mirrors[0m
2026-07-13 02:22:50 │ INFO     │ [96m  [14] [1mHookah Haze[0m — 4 mirrors[0m
2026-07-13 02:22:51 │ INFO     │ [96m  [15] [1mVagrus - The Riven Realms[0m — 8 mirrors[0m
2026-07-13 02:22:52 │ INFO     │ [96m  [16] [1mCookie Cutter: Overkill Edition[0m — 4 mirrors[0m
2026-07-13 02:22:56 │ INFO     │ [96m  [17] [1mGal Gun 2[0m — 12 mirrors[0m
2026-07-13 02:22:59 │ INFO     │ [96m  [18] [1mRift of the NecroDancer[0m — 8 mirrors[0m
2026-07-13 02:23:04 │ INFO     │ [96m  [19] [1mKemono Heroes[0m — 8 mirrors[0m
2026-07-13 02:23:04 │ INFO     │ [96m  [20] [1mDistant Bloom[0m — 4 mirrors[0m
2026-07-13 02:23:05 │ INFO     │ [96m  [21] [1mSaGa Frontier 2 Remastered[0m — 8 mirrors[0m
2026-07-13 02:23:05 │ INFO     │ [96m  [22] [1mTwilight Monk[0m — 7 mirrors[0m
2026-07-13 02:23:10 │ INFO     │ [96m  [23] [1mI Have No Mouth, and I Must Scream[0m — 3 mirrors[0m
2026-07-13 02:23:12 │ INFO     │ [96m  [24] [1mDisney Villains Cursed Café[0m — 8 mirrors[0m
2026-07-13 02:23:18 │ INFO     │ [96m  [25] [1mGal Guardians: Servants of the Dark[0m — 8 mirrors[0m
2026-07-13 02:23:19 │ INFO     │ [96m  [26] [1mSplatoon 2[0m — 8 mirrors[0m
2026-07-13 02:23:23 │ INFO     │ [96m  [27] [1mFirefighting Simulator – The Squad[0m — 8 mirrors[0m
2026-07-13 02:23:24 │ INFO     │ [96m  [28] [1mDigimon Survive[0m — 12 mirrors[0m
2026-07-13 02:23:34 │ INFO     │ [96m  [29] [1mDisney Dreamlight Valley[0m — 13 mirrors[0m
2026-07-13 02:23:34 │ INFO     │ [96m  [30] [1mGrounded[0m — 6 mirrors[0m
2026-07-13 02:23:34 │ INFO     │ [96m  [31] [1mFate/stay night REMASTERED[0m — 9 mirrors[0m
2026-07-13 02:23:38 │ INFO     │ [96m  [32] [1mDREDGE[0m — 12 mirrors[0m
2026-07-13 02:23:43 │ INFO     │ [96m  [33] [1mSnowRunner[0m — 11 mirrors[0m
2026-07-13 02:23:47 │ INFO     │ [96m  [34] [1mKAMiBAKO - Mythology of Cube[0m — 7 mirrors[0m
2026-07-13 02:23:51 │ INFO     │ [96m  [35] [1mRomancing SaGa 2: Revenge of the Seven[0m — 7 mirrors[0m
2026-07-13 02:23:54 │ INFO     │ [96m  [36] [1mMonster Jam Showdown[0m — 12 mirrors[0m
2026-07-13 02:24:00 │ INFO     │ [96m  [37] [1mMoonstone Island[0m — 15 mirrors[0m
2026-07-13 02:24:03 │ INFO     │ [96m  [38] [1mCaravan SandWitch[0m — 9 mirrors[0m
2026-07-13 02:24:04 │ INFO     │ [96m  [39] [1mUNDER NIGHT IN-BIRTH II Sys:Celes[0m — 12 mirrors[0m
2026-07-13 02:24:14 │ INFO     │ [96m  [40] [1mDAVE THE DIVER[0m — 14 mirrors[0m
2026-07-13 02:24:14 │ INFO     │ [96m[93mProgress: 40/491 pages processed, 40 games with mirrors so far…[0m[0m
2026-07-13 02:24:34 │ INFO     │ [96m  [1] [1mHarvest Moon: The Winds of Anthos[0m — 11 mirrors[0m
2026-07-13 02:24:42 │ INFO     │ [96m  [2] [1mCat Quest III[0m — 15 mirrors[0m
2026-07-13 02:24:48 │ INFO     │ [96m  [3] [1mSplatoon 3[0m — 18 mirrors[0m
2026-07-13 02:24:51 │ INFO     │ [96m  [4] [1mDiablo II: Resurrected[0m — 21 mirrors[0m
2026-07-13 02:24:52 │ INFO     │ [96m  [5] [1mNintendo World Championships: NES Edition[0m — 22 mirrors[0m
2026-07-13 02:25:07 │ INFO     │ [96m  [6] [1mGUNDAM BREAKER 4[0m — 14 mirrors[0m
2026-07-13 02:25:08 │ INFO     │ [96m  [7] [1mGoat Simulator 3[0m — 19 mirrors[0m
2026-07-13 02:25:12 │ INFO     │ [96m  [8] [1mPrince of Persia The Lost Crown[0m — 13 mirrors[0m
2026-07-13 02:25:21 │ INFO     │ [96m  [9] [1mCult of the Lamb[0m — 16 mirrors[0m
2026-07-13 02:25:24 │ INFO     │ [96m  [10] [1mLost Ruins[0m — 8 mirrors[0m
2026-07-13 02:25:24 │ INFO     │ [96m  [11] [1mNo Man's Sky[0m — 9 mirrors[0m
2026-07-13 02:25:36 │ INFO     │ [96m  [12] [1mTeenage Mutant Ninja Turtles: Splintered Fate[0m — 8 mirrors[0m
2026-07-13 02:25:37 │ INFO     │ [96m  [13] [1mCastlevania Dominus Collection[0m — 13 mirrors[0m
2026-07-13 02:25:37 │ INFO     │ [96m  [14] [1mSuper Mario Party[0m — 25 mirrors[0m
2026-07-13 02:25:42 │ INFO     │ [96m  [15] [1mThe Binding of Isaac: Afterbirth+[0m — 10 mirrors[0m
2026-07-13 02:25:49 │ INFO     │ [96m  [16] [1mDRAGON BALL XENOVERSE 2[0m — 14 mirrors[0m
2026-07-13 02:26:02 │ INFO     │ [96m  [17] [1mBlasphemous 2[0m — 13 mirrors[0m
2026-07-13 02:26:08 │ INFO     │ [96m  [18] [1mDRAGON BALL FighterZ[0m — 14 mirrors[0m
2026-07-13 02:26:13 │ INFO     │ [96m  [19] [1mNARUTO X BORUTO Ultimate Ninja STORM CONNECTIONS Ultimate Edition [DLC][0m — 20 mirrors[0m
2026-07-13 02:26:14 │ INFO     │ [96m  [20] [1mThe Legend of Zelda: Echoes of Wisdom[0m — 13 mirrors[0m
2026-07-13 02:26:24 │ INFO     │ [96m  [21] [1mRed Dead Redemption[0m — 8 mirrors[0m
2026-07-13 02:26:25 │ INFO     │ [96m  [22] [1mMatchbox Driving Adventures[0m — 5 mirrors[0m
2026-07-13 02:26:34 │ INFO     │ [96m  [23] [1mThe Karate Kid: Street Rumble[0m — 10 mirrors[0m
2026-07-13 02:26:36 │ INFO     │ [96m  [24] [1mSeasonspree[0m — 5 mirrors[0m
2026-07-13 02:26:38 │ INFO     │ [96m  [25] [1mMinecraft[0m — 17 mirrors[0m
2026-07-13 02:26:48 │ INFO     │ [96m  [26] [1mThe Last Shot[0m — 12 mirrors[0m
2026-07-13 02:26:56 │ INFO     │ [96m  [27] [1mBetween Horizons[0m — 10 mirrors[0m
2026-07-13 02:26:58 │ INFO     │ [96m  [28] [1mThe Rising Sun Marriage episode LIA[0m — 5 mirrors[0m
2026-07-13 02:27:05 │ INFO     │ [96m  [29] [1mRisk of Rain 2[0m — 15 mirrors[0m
2026-07-13 02:27:06 │ INFO     │ [96m  [30] [1mWitchSpring R[0m — 15 mirrors[0m
2026-07-13 02:27:16 │ INFO     │ [96m  [31] [1mCard-en-Ciel[0m — 11 mirrors[0m
2026-07-13 02:27:20 │ INFO     │ [96m  [32] [1mEverlasting Flowers - Where there is a will, there is a way[0m — 12 mirrors[0m
2026-07-13 02:27:23 │ INFO     │ [96m  [33] [1mElrentaros Wanderings[0m — 10 mirrors[0m
2026-07-13 02:27:24 │ INFO     │ [96m  [34] [1mWild Bastards[0m — 10 mirrors[0m
2026-07-13 02:27:35 │ INFO     │ [96m  [35] [1mTobla - Divine Path[0m — 6 mirrors[0m
2026-07-13 02:27:35 │ INFO     │ [96m  [36] [1mBotworld Odyssey[0m — 6 mirrors[0m
2026-07-13 02:27:38 │ INFO     │ [96m  [37] [1mElsie[0m — 12 mirrors[0m
2026-07-13 02:27:41 │ INFO     │ [96m  [38] [1mRugrats: Adventures in Gameland[0m — 12 mirrors[0m
2026-07-13 02:27:43 │ INFO     │ [96m  [39] [1mOperation Wolf Returns: First Mission[0m — 4 mirrors[0m
2026-07-13 02:27:53 │ INFO     │ [96m  [40] [1mJujutsu Kaisen Cursed Clash [DLC][0m — 75 mirrors[0m
2026-07-13 02:27:53 │ INFO     │ [96m[93mProgress: 80/491 pages processed, 80 games with mirrors so far…[0m[0m
2026-07-13 02:28:07 │ INFO     │ [96m  [1] [1mBLAZBLUE CENTRALFICTION Special Edition[0m — 6 mirrors[0m
2026-07-13 02:28:17 │ INFO     │ [96m  [2] [1mEden Genesis[0m — 12 mirrors[0m
2026-07-13 02:28:18 │ INFO     │ [96m  [3] [1mGRIME Definitive Edition[0m — 12 mirrors[0m
2026-07-13 02:28:23 │ INFO     │ [96m  [4] [1mGolf With Your Friends[0m — 15 mirrors[0m
2026-07-13 02:28:31 │ INFO     │ [96m  [5] [1mTrinity Fusion[0m — 12 mirrors[0m
2026-07-13 02:28:32 │ INFO     │ [96m  [6] [1mBeneath Oresa[0m — 6 mirrors[0m
2026-07-13 02:28:37 │ INFO     │ [96m  [7] [1mMario Kart 8 Deluxe[0m — 9 mirrors[0m
2026-07-13 02:28:38 │ INFO     │ [96m  [8] [1mNatsu-Mon: 20th Century Summer Kid[0m — 24 mirrors[0m
2026-07-13 02:28:46 │ INFO     │ [96m  [9] [1mSelfloss[0m — 12 mirrors[0m
2026-07-13 02:28:52 │ INFO     │ [96m  [10] [1mGrapple Dogs: Cosmic Canines[0m — 11 mirrors[0m
2026-07-13 02:28:55 │ INFO     │ [96m  [11] [1mLOLLIPOP CHAINSAW RePOP[0m — 12 mirrors[0m
2026-07-13 02:29:02 │ INFO     │ [96m  [12] [1mThe Hokkaido Serial Murder Case: The Okhotsk Disappearance ~Memories in Ice, Tearful Figurine~[0m — 12 mirrors[0m
2026-07-13 02:29:04 │ INFO     │ [96m  [13] [1mDAYMARE: 1994 Sandcastle[0m — 4 mirrors[0m
2026-07-13 02:29:07 │ INFO     │ [96m  [14] [1mYars Rising[0m — 14 mirrors[0m
2026-07-13 02:29:07 │ INFO     │ [96m  [15] [1mAce Attorney Investigations Collection[0m — 11 mirrors[0m
2026-07-13 02:29:17 │ INFO     │ [96m  [16] [1mBAKERU[0m — 7 mirrors[0m
2026-07-13 02:29:25 │ INFO     │ [96m  [17] [1mTouhou Danmaku Kagura Phantasia Lost[0m — 18 mirrors[0m
2026-07-13 02:29:34 │ INFO     │ [96m  [18] [1mSuper Dark Deception[0m — 14 mirrors[0m
2026-07-13 02:29:43 │ INFO     │ [96m  [19] [1mWorld Tree Marché[0m — 14 mirrors[0m
2026-07-13 02:29:46 │ INFO     │ [96m  [20] [1mAsphalt Legends Unite[0m — 21 mirrors[0m
2026-07-13 02:29:50 │ INFO     │ [96m  [21] [1mShadow of the Ninja - Reborn[0m — 14 mirrors[0m
2026-07-13 02:29:54 │ INFO     │ [96m  [22] [1mGori: Cuddly Carnage[0m — 10 mirrors[0m
2026-07-13 02:29:54 │ INFO     │ [96m  [23] [1mCOSMIC FANTASY COLLECTION[0m — 28 mirrors[0m
2026-07-13 02:30:01 │ INFO     │ [96m  [24] [1mDarksiders II Deathinitive Edition[0m — 3 mirrors[0m
2026-07-13 02:30:03 │ INFO     │ [96m  [25] [1mVoltaire: The Vegan Vampire[0m — 7 mirrors[0m
2026-07-13 02:30:03 │ INFO     │ [96m  [26] [1mUmamusume: Pretty Derby - Party Dash[0m — 11 mirrors[0m
2026-07-13 02:30:04 │ INFO     │ [96m  [27] [1mFive Nights at Freddy's: Into the Pit[0m — 5 mirrors[0m
2026-07-13 02:30:09 │ INFO     │ [96m  [28] [1mWolfenstein II: The New Colossus[0m — 4 mirrors[0m
2026-07-13 02:30:11 │ INFO     │ [96m  [29] [1mLeo: The Firefighter Cat[0m — 14 mirrors[0m
2026-07-13 02:30:28 │ INFO     │ [96m  [30] [1mLibrary Of Ruina[0m — 9 mirrors[0m
2026-07-13 02:30:28 │ INFO     │ [96m  [31] [1mPICO PARK 2[0m — 14 mirrors[0m
2026-07-13 02:30:29 │ INFO     │ [96m  [32] [1mCRYPT CUSTODIAN[0m — 14 mirrors[0m
2026-07-13 02:30:29 │ INFO     │ [96m  [33] [1mCan of Wormholes[0m — 14 mirrors[0m
2026-07-13 02:30:34 │ INFO     │ [96m  [34] [1mPizza Tower[0m — 14 mirrors[0m
2026-07-13 02:30:51 │ INFO     │ [96m  [35] [1mTHE HOUSE OF THE DEAD: Remake[0m — 12 mirrors[0m
2026-07-13 02:31:00 │ INFO     │ [96m  [36] [1mAnimal Crossing: New Horizons[0m — 16 mirrors[0m
2026-07-13 02:31:04 │ INFO     │ [96m  [37] [1mSuika Game[0m — 15 mirrors[0m
2026-07-13 02:31:07 │ INFO     │ [96m  [38] [1mARMS[0m — 20 mirrors[0m
2026-07-13 02:31:18 │ INFO     │ [96m  [39] [1mNintendo Switch Sports[0m — 14 mirrors[0m
2026-07-13 02:31:18 │ INFO     │ [96m  [40] [1mWindbound[0m — 28 mirrors[0m
2026-07-13 02:31:18 │ INFO     │ [96m[93mProgress: 120/491 pages processed, 120 games with mirrors so far…[0m[0m
2026-07-13 02:31:26 │ INFO     │ [96m  [1] [1mMetroid Prime Remastered[0m — 3 mirrors[0m
2026-07-13 02:31:34 │ INFO     │ [96m  [2] [1mMonster Hunter Generations Ultimate[0m — 8 mirrors[0m
2026-07-13 02:31:42 │ INFO     │ [96m  [3] [1mVampire Survivors[0m — 12 mirrors[0m
2026-07-13 02:31:45 │ INFO     │ [96m  [4] [1mEnter the Gungeon[0m — 14 mirrors[0m
2026-07-13 02:31:52 │ INFO     │ [96m  [5] [1mLittle Kitty, Big City[0m — 14 mirrors[0m
2026-07-13 02:31:53 │ INFO     │ [96m  [6] [1mDOOM 64[0m — 18 mirrors[0m
2026-07-13 02:31:53 │ INFO     │ [96m  [7] [1mINTI CREATES Gold Archive Collection[0m — 6 mirrors[0m
2026-07-13 02:31:56 │ INFO     │ [96m  [8] [1mBitmap Bureau Collection[0m — 12 mirrors[0m
2026-07-13 02:31:58 │ INFO     │ [96m  [9] [1mVolgarr the Viking II[0m — 7 mirrors[0m
2026-07-13 02:32:19 │ INFO     │ [96m  [10] [1mFRONT MISSION 2: Remake[0m — 12 mirrors[0m
2026-07-13 02:32:21 │ INFO     │ [96m  [11] [1mDRAGON QUEST BUILDERS 2[0m — 16 mirrors[0m
2026-07-13 02:32:30 │ INFO     │ [96m  [12] [1mFuga: Melodies of Steel 2[0m — 20 mirrors[0m
2026-07-13 02:32:34 │ INFO     │ [96m  [13] [1mFuga: Melodies of Steel[0m — 21 mirrors[0m
2026-07-13 02:32:43 │ INFO     │ [96m  [14] [1mDead Cells[0m — 24 mirrors[0m
2026-07-13 02:32:46 │ INFO     │ [96m  [15] [1mJust Crow Things[0m — 14 mirrors[0m
2026-07-13 02:32:53 │ INFO     │ [96m  [16] [1mCastaway[0m — 16 mirrors[0m
2026-07-13 02:32:54 │ INFO     │ [96m  [17] [1mCapes[0m — 10 mirrors[0m
2026-07-13 02:32:57 │ INFO     │ [96m  [18] [1mRiver Tails: Stronger Together[0m — 14 mirrors[0m
2026-07-13 02:32:58 │ INFO     │ [96m  [19] [1mMagical Delicacy[0m — 7 mirrors[0m
2026-07-13 02:33:00 │ INFO     │ [96m  [20] [1mEmio - The Smiling Man: Famicom Detective Club[0m — 7 mirrors[0m
2026-07-13 02:33:14 │ INFO     │ [96m  [21] [1mAmong Us[0m — 10 mirrors[0m
2026-07-13 02:33:21 │ INFO     │ [96m  [22] [1mFarewell North[0m — 15 mirrors[0m
2026-07-13 02:33:46 │ INFO     │ [96m  [23] [1mDungeon Drafters[0m — 12 mirrors[0m
2026-07-13 02:33:47 │ INFO     │ [96m  [24] [1mArranger: A Role-Puzzling Adventure[0m — 27 mirrors[0m
2026-07-13 02:33:50 │ INFO     │ [96m  [25] [1mMists of Noyah[0m — 27 mirrors[0m
2026-07-13 02:33:51 │ INFO     │ [96m  [26] [1mWorld of Goo 2[0m — 21 mirrors[0m
2026-07-13 02:33:52 │ INFO     │ [96m  [27] [1mSkelethrone: The Chronicles of Ericona[0m — 29 mirrors[0m
2026-07-13 02:33:57 │ INFO     │ [96m  [28] [1mPhantom Spark[0m — 5 mirrors[0m
2026-07-13 02:34:12 │ INFO     │ [96m  [29] [1mHorizon Chase 2[0m — 12 mirrors[0m
2026-07-13 02:34:15 │ INFO     │ [96m  [30] [1mBerserk Boy[0m — 12 mirrors[0m
2026-07-13 02:34:23 │ INFO     │ [96m  [31] [1mThe Last Hero of Nostalgaia[0m — 17 mirrors[0m
2026-07-13 02:34:28 │ INFO     │ [96m  [32] [1mRising Lords[0m — 16 mirrors[0m
2026-07-13 02:34:30 │ INFO     │ [96m  [33] [1mCynthia: Hidden in the Moonshadow[0m — 20 mirrors[0m
2026-07-13 02:34:33 │ INFO     │ [96m  [34] [1mThe Holy Gosh Darn[0m — 9 mirrors[0m
2026-07-13 02:34:38 │ INFO     │ [96m  [35] [1mBeatbuddy: Tale of the Guardians[0m — 7 mirrors[0m
2026-07-13 02:34:44 │ INFO     │ [96m  [36] [1mSam & Max: The Devil's Playhouse[0m — 16 mirrors[0m
2026-07-13 02:34:44 │ INFO     │ [96m  [37] [1mGuayota[0m — 8 mirrors[0m
2026-07-13 02:34:47 │ INFO     │ [96m  [38] [1mShip of Harkinian (The Legend of Zelda Ocarina of Time)[0m — 7 mirrors[0m
2026-07-13 02:35:07 │ INFO     │ [96m  [39] [1mAstral Ascent[0m — 21 mirrors[0m
2026-07-13 02:35:09 │ INFO     │ [96m  [40] [1mLOST EPIC[0m — 18 mirrors[0m
2026-07-13 02:35:09 │ INFO     │ [96m[93mProgress: 160/491 pages processed, 160 games with mirrors so far…[0m[0m
2026-07-13 02:35:18 │ INFO     │ [96m  [1] [1mPerky Little Things[0m — 4 mirrors[0m
2026-07-13 02:35:30 │ INFO     │ [96m  [2] [1mRevue Starlight El Dorado[0m — 6 mirrors[0m
2026-07-13 02:35:32 │ INFO     │ [96m  [3] [1mTale of Immortal[0m — 12 mirrors[0m
2026-07-13 02:35:35 │ INFO     │ [96m  [4] [1mIGS Classic Arcade Collection[0m — 14 mirrors[0m
2026-07-13 02:35:36 │ INFO     │ [96m  [5] [1mFading Afternoon[0m — 14 mirrors[0m
2026-07-13 02:35:44 │ INFO     │ [96m  [6] [1mR-Type Final 2[0m — 19 mirrors[0m
2026-07-13 02:35:48 │ INFO     │ [96m  [7] [1mShikon-X Astro Defense Fortress[0m — 7 mirrors[0m
2026-07-13 02:35:49 │ INFO     │ [96m  [8] [1mGray Dawn[0m — 7 mirrors[0m
2026-07-13 02:35:56 │ INFO     │ [96m  [9] [1mSid Meier's Civilization VI[0m — 14 mirrors[0m
2026-07-13 02:35:56 │ INFO     │ [96m  [10] [1mVIVIDLOPE[0m — 14 mirrors[0m
2026-07-13 02:36:07 │ INFO     │ [96m  [11] [1mSteamWorld Heist II[0m — 10 mirrors[0m
2026-07-13 02:36:08 │ INFO     │ [96m  [12] [1mFarming Simulator Kids[0m — 14 mirrors[0m
2026-07-13 02:36:10 │ INFO     │ [96m  [13] [1mFallout 2 Community Edition[0m — 7 mirrors[0m
2026-07-13 02:36:14 │ INFO     │ [96m  [14] [1mDOOM + DOOM II[0m — 14 mirrors[0m
2026-07-13 02:36:20 │ INFO     │ [96m  [15] [1mMACHI KORO With Everyone[0m — 14 mirrors[0m
2026-07-13 02:36:30 │ INFO     │ [96m  [16] [1mAooni[0m — 13 mirrors[0m
2026-07-13 02:36:33 │ INFO     │ [96m  [17] [1mBum Simulator[0m — 14 mirrors[0m
2026-07-13 02:36:34 │ INFO     │ [96m  [18] [1mLittle Dragons Café[0m — 14 mirrors[0m
2026-07-13 02:36:38 │ INFO     │ [96m  [19] [1mDreadOut 2[0m — 10 mirrors[0m
2026-07-13 02:36:47 │ INFO     │ [96m  [20] [1mReturn To Abyss[0m — 7 mirrors[0m
2026-07-13 02:36:55 │ INFO     │ [96m  [21] [1mBoomerang Fu[0m — 24 mirrors[0m
2026-07-13 02:37:00 │ INFO     │ [96m  [22] [1mEmber Knights[0m — 15 mirrors[0m
2026-07-13 02:37:02 │ INFO     │ [96m  [23] [1mThe Garden Path[0m — 14 mirrors[0m
2026-07-13 02:37:07 │ INFO     │ [96m  [24] [1mFae Farm[0m — 22 mirrors[0m
2026-07-13 02:37:14 │ INFO     │ [96m  [25] [1mSTAR OCEAN First Departure R[0m — 8 mirrors[0m
2026-07-13 02:37:18 │ INFO     │ [96m  [26] [1mSTAR WARS: Bounty Hunter[0m — 9 mirrors[0m
2026-07-13 02:37:19 │ INFO     │ [96m  [27] [1mWorms W.M.D[0m — 14 mirrors[0m
2026-07-13 02:37:23 │ INFO     │ [96m  [28] [1mARK: Ultimate Survivor Edition[0m — 9 mirrors[0m
2026-07-13 02:37:29 │ INFO     │ [96m  [29] [1mDeath Noodle Delivery[0m — 6 mirrors[0m
2026-07-13 02:37:30 │ INFO     │ [96m  [30] [1mRoots of Pacha[0m — 9 mirrors[0m
2026-07-13 02:37:54 │ INFO     │ [96m  [31] [1mCRYMACHINA[0m — 38 mirrors[0m
2026-07-13 02:37:55 │ INFO     │ [96m  [32] [1mTOKYO CHRONOS & ALTDEUS: Beyond Chronos TWIN PACK[0m — 13 mirrors[0m
2026-07-13 02:38:03 │ INFO     │ [96m  [33] [1mTRUDOGRAD[0m — 22 mirrors[0m
2026-07-13 02:38:09 │ INFO     │ [96m  [34] [1mTomba! Special Edition[0m — 7 mirrors[0m
2026-07-13 02:38:14 │ INFO     │ [96m  [35] [1mHuman: Fall Flat[0m — 25 mirrors[0m
2026-07-13 02:38:15 │ INFO     │ [96m  [36] [1mBroken Roads[0m — 6 mirrors[0m
2026-07-13 02:38:17 │ INFO     │ [96m  [37] [1mThank Goodness You're Here![0m — 12 mirrors[0m
2026-07-13 02:38:32 │ INFO     │ [96m  [38] [1mDragon's Dogma: Dark Arisen[0m — 10 mirrors[0m
2026-07-13 02:38:51 │ INFO     │ [96m  [39] [1mPAC-MAN WORLD Re-PAC[0m — 53 mirrors[0m
2026-07-13 02:38:56 │ INFO     │ [96m  [40] [1mTerraria[0m — 26 mirrors[0m
2026-07-13 02:38:56 │ INFO     │ [96m[93mProgress: 200/491 pages processed, 200 games with mirrors so far…[0m[0m
2026-07-13 02:39:08 │ INFO     │ [96m  [1] [1mEmyLiveShow: Dangers and Mysteries Tale[0m — 6 mirrors[0m
2026-07-13 02:39:17 │ INFO     │ [96m  [2] [1mMortal Shell: Complete Edition[0m — 11 mirrors[0m
2026-07-13 02:39:19 │ INFO     │ [96m  [3] [1mCandleman[0m — 12 mirrors[0m
2026-07-13 02:39:23 │ INFO     │ [96m  [4] [1mTrombone Champ[0m — 14 mirrors[0m
2026-07-13 02:39:23 │ INFO     │ [96m  [5] [1mGang Beasts[0m — 14 mirrors[0m
2026-07-13 02:39:45 │ INFO     │ [96m  [6] [1mPuyo Puyo Tetris 2[0m — 15 mirrors[0m
2026-07-13 02:39:45 │ INFO     │ [96m  [7] [1mHyrule Warriors: Definitive Edition[0m — 14 mirrors[0m
2026-07-13 02:40:04 │ INFO     │ [96m  [8] [1mDicefolk[0m — 10 mirrors[0m
2026-07-13 02:40:09 │ INFO     │ [96m  [9] [1mSerious Sam Collection[0m — 25 mirrors[0m
2026-07-13 02:40:09 │ INFO     │ [96m  [10] [1mDiablo III: Eternal Collection[0m — 34 mirrors[0m
2026-07-13 02:40:16 │ INFO     │ [96m  [11] [1mLove is all around[0m — 6 mirrors[0m
2026-07-13 02:40:23 │ INFO     │ [96m  [12] [1mClubhouse Games: 51 Worldwide Classics[0m — 33 mirrors[0m
2026-07-13 02:40:29 │ INFO     │ [96m  [13] [1mTeenage Mutant Ninja Turtles: The Cowabunga Collection[0m — 24 mirrors[0m
2026-07-13 02:40:31 │ INFO     │ [96m  [14] [1mThat Time I Got Reincarnated as a Slime ISEKAI Chronicles[0m — 11 mirrors[0m
2026-07-13 02:40:37 │ INFO     │ [96m  [15] [1mSome Some Convenience Store[0m — 11 mirrors[0m
2026-07-13 02:40:47 │ INFO     │ [96m  [16] [1mMoonlight Chain ~Madness Moratorium~[0m — 10 mirrors[0m
2026-07-13 02:40:49 │ INFO     │ [96m  [17] [1mLet's! Revolution![0m — 22 mirrors[0m
2026-07-13 02:40:55 │ INFO     │ [96m  [18] [1mSpark the Electric Jester 3[0m — 9 mirrors[0m
2026-07-13 02:40:55 │ INFO     │ [96m  [19] [1mREYNATIS[0m — 17 mirrors[0m
2026-07-13 02:41:01 │ INFO     │ [96m  [20] [1mDaydream: Forgotten Sorrow[0m — 16 mirrors[0m
2026-07-13 02:41:03 │ INFO     │ [96m  [21] [1mThe End of Virsh -EpiC:lycoris[0m — 4 mirrors[0m
2026-07-13 02:41:17 │ INFO     │ [96m  [22] [1mExhausted Man[0m — 16 mirrors[0m
2026-07-13 02:41:28 │ INFO     │ [96m  [23] [1mEA SPORTS FC 24[0m — 18 mirrors[0m
2026-07-13 02:41:30 │ INFO     │ [96m  [24] [1mOMEGA 6 The Triangle Stars[0m — 14 mirrors[0m
2026-07-13 02:41:31 │ INFO     │ [96m  [25] [1mHollow Cocoon[0m — 16 mirrors[0m
2026-07-13 02:41:35 │ INFO     │ [96m  [26] [1mFINAL FANTASY X/X-2 HD Remaster[0m — 2 mirrors[0m
2026-07-13 02:41:40 │ INFO     │ [96m  [27] [1mONE PIECE ODYSSEY DELUXE EDITION[0m — 11 mirrors[0m
2026-07-13 02:41:47 │ INFO     │ [96m  [28] [1mThe Legend of Heroes Trails of Cold Steel II[0m — 31 mirrors[0m
2026-07-13 02:41:51 │ INFO     │ [96m  [29] [1mPaper Mario: The Origami King[0m — 10 mirrors[0m
2026-07-13 02:41:57 │ INFO     │ [96m  [30] [1mTHE NEW DENPA MEN[0m — 14 mirrors[0m
2026-07-13 02:42:10 │ INFO     │ [96m  [31] [1mWerewolf: The Apocalypse - Purgatory[0m — 7 mirrors[0m
2026-07-13 02:42:12 │ INFO     │ [96m  [32] [1mBlasphemous[0m — 20 mirrors[0m
2026-07-13 02:42:16 │ INFO     │ [96m  [33] [1mF1 Manager 2024[0m — 15 mirrors[0m
2026-07-13 02:42:17 │ INFO     │ [96m  [34] [1mNINJA SLAYER NEO-SAITAMA IN FLAMES[0m — 14 mirrors[0m
2026-07-13 02:42:18 │ INFO     │ [96m  [35] [1mSlime Rancher: Plortable Edition[0m — 21 mirrors[0m
2026-07-13 02:42:25 │ INFO     │ [96m  [36] [1mMistonia's Wings - The Lost Delight[0m — 4 mirrors[0m
2026-07-13 02:42:26 │ INFO     │ [96m  [37] [1m7'scarlet for Nintendo Switch[0m — 7 mirrors[0m
2026-07-13 02:42:33 │ INFO     │ [96m  [38] [1mSNK VS. CAPCOM SVC CHAOS[0m — 7 mirrors[0m
2026-07-13 02:42:39 │ INFO     │ [96m  [39] [1mPunch Club 2: Fast Forward[0m — 12 mirrors[0m
2026-07-13 02:42:47 │ INFO     │ [96m  [40] [1mCONSCRIPT[0m — 21 mirrors[0m
2026-07-13 02:42:47 │ INFO     │ [96m[93mProgress: 240/491 pages processed, 240 games with mirrors so far…[0m[0m
2026-07-13 02:43:05 │ INFO     │ [96m  [1] [1mPersona 4 Arena Ultimax[0m — 9 mirrors[0m
2026-07-13 02:43:05 │ INFO     │ [96m  [2] [1mPersona 5 Strikers[0m — 9 mirrors[0m
2026-07-13 02:43:07 │ INFO     │ [96m  [3] [1mPersona 3 Portable[0m — 10 mirrors[0m
2026-07-13 02:43:12 │ INFO     │ [96m  [4] [1mSCHiM[0m — 14 mirrors[0m
2026-07-13 02:43:28 │ INFO     │ [96m  [5] [1mFamicom Detective Club: The Missing Heir[0m — 13 mirrors[0m
2026-07-13 02:43:36 │ INFO     │ [96m  [6] [1m#BLUD[0m — 13 mirrors[0m
2026-07-13 02:43:47 │ INFO     │ [96m  [7] [1mFamicom Detective Club: The Girl Who Stands Behind[0m — 24 mirrors[0m
2026-07-13 02:43:48 │ INFO     │ [96m  [8] [1mAcross the Obelisk[0m — 23 mirrors[0m
2026-07-13 02:43:49 │ INFO     │ [96m  [9] [1mPersona 5 Tactica[0m — 34 mirrors[0m
2026-07-13 02:44:06 │ INFO     │ [96m  [10] [1mDemon Slayer -Kimetsu no Yaiba- Sweep the Board![0m — 20 mirrors[0m
2026-07-13 02:44:14 │ INFO     │ [96m  [11] [1mFarming Simulator 23: Nintendo Switch Edition[0m — 20 mirrors[0m
2026-07-13 02:44:16 │ INFO     │ [96m  [12] [1mPowerful Pro Baseball 2024-2025[0m — 14 mirrors[0m
2026-07-13 02:44:18 │ INFO     │ [96m  [13] [1mSplatoon 3 Splatfest World Premiere[0m — 6 mirrors[0m
2026-07-13 02:44:25 │ INFO     │ [96m  [14] [1mC.A.R.D.S. RPG: The Misty Battlefield[0m — 20 mirrors[0m
2026-07-13 02:44:26 │ INFO     │ [96m  [15] [1mRivalia: Dungeon Raiders[0m — 6 mirrors[0m
2026-07-13 02:44:31 │ INFO     │ [96m  [16] [1mSuper Monkey Ball Banana Rumble[0m — 23 mirrors[0m
2026-07-13 02:44:46 │ INFO     │ [96m  [17] [1mDying Light: Definitive Edition[0m — 11 mirrors[0m
2026-07-13 02:44:53 │ INFO     │ [96m  [18] [1mMario Party Superstars[0m — 19 mirrors[0m
2026-07-13 02:45:00 │ INFO     │ [96m  [19] [1mSuper Mario Odyssey[0m — 15 mirrors[0m
2026-07-13 02:45:01 │ INFO     │ [96m  [20] [1mDNF Duel: Who's Next[0m — 24 mirrors[0m
2026-07-13 02:45:06 │ INFO     │ [96m  [21] [1mPersona 4 Golden[0m — 11 mirrors[0m
2026-07-13 02:45:11 │ INFO     │ [96m  [22] [1mSuper Mario 3D World + Bowser's Fury[0m — 24 mirrors[0m
2026-07-13 02:45:13 │ INFO     │ [96m  [23] [1mNew Super Mario Bros. U Deluxe[0m — 7 mirrors[0m
2026-07-13 02:45:25 │ INFO     │ [96m  [24] [1mWarioWare: Move It![0m — 14 mirrors[0m
2026-07-13 02:45:30 │ INFO     │ [96m  [25] [1mMario Golf: Super Rush[0m — 14 mirrors[0m
2026-07-13 02:45:35 │ INFO     │ [96m  [26] [1mMario Tennis Aces[0m — 14 mirrors[0m
2026-07-13 02:45:41 │ INFO     │ [96m  [27] [1mMario Strikers: Battle League[0m — 28 mirrors[0m
2026-07-13 02:45:45 │ INFO     │ [96m  [28] [1mMario & Sonic at the Olympic Games Tokyo 2020[0m — 11 mirrors[0m
2026-07-13 02:45:49 │ INFO     │ [96m  [29] [1mSuper Mario Maker 2[0m — 21 mirrors[0m
2026-07-13 02:46:00 │ INFO     │ [96m  [30] [1mSuper Mario RPG [UPDATE][0m — 15 mirrors[0m
2026-07-13 02:46:04 │ INFO     │ [96m  [31] [1mMario + Rabbids Kingdom Battle[0m — 20 mirrors[0m
2026-07-13 02:46:10 │ INFO     │ [96m  [32] [1mPokémon Violet[0m — 14 mirrors[0m
2026-07-13 02:46:25 │ INFO     │ [96m  [33] [1mThe Legend of Zelda: Tears of the Kingdom [UPDATE][0m — 25 mirrors[0m
2026-07-13 02:46:25 │ INFO     │ [96m  [34] [1mDigimon World: Next Order[0m — 21 mirrors[0m
2026-07-13 02:46:37 │ INFO     │ [96m  [35] [1mLuigi's Mansion 2 HD[0m — 16 mirrors[0m
2026-07-13 02:46:40 │ INFO     │ [96m  [36] [1mMario vs. Donkey Kong[0m — 24 mirrors[0m
2026-07-13 02:46:42 │ INFO     │ [96m  [37] [1mPaper Mario: The Thousand - Year Door[0m — 10 mirrors[0m
2026-07-13 02:46:44 │ INFO     │ [96m  [38] [1mLuigi’s Mansion 3 [DLC][0m — 24 mirrors[0m
2026-07-13 02:47:01 │ INFO     │ [96m  [39] [1mEnchanted Portals[0m — 14 mirrors[0m
2026-07-13 02:47:07 │ INFO     │ [96m  [40] [1mThe Legend of Heroes: Trails through Daybreak[0m — 26 mirrors[0m
2026-07-13 02:47:07 │ INFO     │ [96m[93mProgress: 280/491 pages processed, 280 games with mirrors so far…[0m[0m
2026-07-13 02:47:16 │ INFO     │ [96m  [1] [1mPaintball 3 - Candy Match Factory[0m — 5 mirrors[0m
2026-07-13 02:47:21 │ INFO     │ [96m  [2] [1mHorror Tale 2: Samantha[0m — 7 mirrors[0m
2026-07-13 02:47:29 │ INFO     │ [96m  [3] [1mHana Awase New Moon -Mizuchi Volume[0m — 7 mirrors[0m
2026-07-13 02:47:31 │ INFO     │ [96m  [4] [1mKraken Odyssey[0m — 14 mirrors[0m
2026-07-13 02:47:32 │ INFO     │ [96m  [5] [1mWetory[0m — 14 mirrors[0m
2026-07-13 02:47:42 │ INFO     │ [96m  [6] [1mHades[0m — 12 mirrors[0m
2026-07-13 02:47:42 │ INFO     │ [96m  [7] [1mSpin Rhythm XD[0m — 21 mirrors[0m
2026-07-13 02:47:46 │ INFO     │ [96m  [8] [1mNinja or Die: Shadow of the Sun[0m — 8 mirrors[0m
2026-07-13 02:47:59 │ INFO     │ [96m  [9] [1mNieR:Automata The End of YoRHa Edition[0m — 17 mirrors[0m
2026-07-13 02:48:02 │ INFO     │ [96m  [10] [1mVampire: The Masquerade - Swansong[0m — 18 mirrors[0m
2026-07-13 02:48:04 │ INFO     │ [96m  [11] [1mSummum Aeterna[0m — 13 mirrors[0m
2026-07-13 02:48:09 │ INFO     │ [96m  [12] [1mGreat Ambition of the SLIMES[0m — 16 mirrors[0m
2026-07-13 02:48:10 │ INFO     │ [96m  [13] [1mKnight vs Giant: The Broken Excalibur[0m — 14 mirrors[0m
2026-07-13 02:48:23 │ INFO     │ [96m  [14] [1mMasterChef: The Official Videogame[0m — 14 mirrors[0m
2026-07-13 02:48:23 │ INFO     │ [96m  [15] [1mBoxville[0m — 8 mirrors[0m
2026-07-13 02:48:23 │ INFO     │ [96m  [16] [1mOnigo Hunter[0m — 7 mirrors[0m
2026-07-13 02:48:26 │ INFO     │ [96m  [17] [1mGungrave G.O.R.E Ultimate Enhanced Edition[0m — 12 mirrors[0m
2026-07-13 02:48:27 │ INFO     │ [96m  [18] [1mWildfrost[0m — 14 mirrors[0m
2026-07-13 02:48:36 │ INFO     │ [96m  [19] [1mA Painter's Tale: Curon, 1950[0m — 7 mirrors[0m
2026-07-13 02:48:40 │ INFO     │ [96m  [20] [1mLost Lands: Sand Captivity[0m — 8 mirrors[0m
2026-07-13 02:48:49 │ INFO     │ [96m  [21] [1meven if TEMPEST Dawning Connections[0m — 13 mirrors[0m
2026-07-13 02:48:50 │ INFO     │ [96m  [22] [1mTray Racers[0m — 16 mirrors[0m
2026-07-13 02:49:04 │ INFO     │ [96m  [23] [1mGhosts 'n Goblins Resurrection[0m — 24 mirrors[0m
2026-07-13 02:49:11 │ INFO     │ [96m  [24] [1mDESOLATIUM[0m — 21 mirrors[0m
2026-07-13 02:49:16 │ INFO     │ [96m  [25] [1mThe Fairy's Song[0m — 16 mirrors[0m
2026-07-13 02:49:16 │ INFO     │ [96m  [26] [1mYomawari: The Long Night Collection[0m — 22 mirrors[0m
2026-07-13 02:49:25 │ INFO     │ [96m  [27] [1mGlitch Busters: Stuck On You[0m — 22 mirrors[0m
2026-07-13 02:49:27 │ INFO     │ [96m  [28] [1mSTAR WARS: Knights of the Old Republic[0m — 10 mirrors[0m
2026-07-13 02:49:38 │ INFO     │ [96m  [29] [1mTRIANGLE STRATEGY[0m — 13 mirrors[0m
2026-07-13 02:49:42 │ INFO     │ [96m  [30] [1mKILL la KILL -IF[0m — 15 mirrors[0m
2026-07-13 02:49:43 │ INFO     │ [96m  [31] [1mFLASHBACK[0m — 24 mirrors[0m
2026-07-13 02:49:50 │ INFO     │ [96m  [32] [1mPulling no Punches[0m — 14 mirrors[0m
2026-07-13 02:49:56 │ INFO     │ [96m  [33] [1mSTAR WARS: Knights of the Old Republic II: The Sith Lords[0m — 10 mirrors[0m
2026-07-13 02:50:02 │ INFO     │ [96m  [34] [1mBIRDIE WING - Golf Girls' Story[0m — 21 mirrors[0m
2026-07-13 02:50:05 │ INFO     │ [96m  [35] [1mBaldo The guardian owls NS[0m — 14 mirrors[0m
2026-07-13 02:50:06 │ INFO     │ [96m  [36] [1mAKAIITO HD REMASTER[0m — 14 mirrors[0m
2026-07-13 02:50:09 │ INFO     │ [96m  [37] [1mCats and the Other Lives[0m — 7 mirrors[0m
2026-07-13 02:50:28 │ INFO     │ [96m  [38] [1mDINOSAURS: Mission Dino Camp[0m — 24 mirrors[0m
2026-07-13 02:50:42 │ INFO     │ [96m  [39] [1mKLONOA Phantasy Reverie Series[0m — 22 mirrors[0m
2026-07-13 02:50:48 │ INFO     │ [96m  [40] [1mJack Jeanne[0m — 29 mirrors[0m
2026-07-13 02:50:48 │ INFO     │ [96m[93mProgress: 320/491 pages processed, 320 games with mirrors so far…[0m[0m
2026-07-13 02:51:09 │ INFO     │ [96m  [1] [1mWild Card Football[0m — 12 mirrors[0m
2026-07-13 02:51:10 │ INFO     │ [96m  [2] [1mDementium: The Ward[0m — 13 mirrors[0m
2026-07-13 02:51:20 │ INFO     │ [96m  [3] [1mSpirit of the Island[0m — 19 mirrors[0m
2026-07-13 02:51:22 │ INFO     │ [96m  [4] [1mAnimal Hospital[0m — 21 mirrors[0m
2026-07-13 02:51:23 │ INFO     │ [96m  [5] [1mXALADIA: Rise of the Space Pirates X2[0m — 21 mirrors[0m
2026-07-13 02:51:29 │ INFO     │ [96m  [6] [1mBish Bash Bots[0m — 12 mirrors[0m
2026-07-13 02:51:32 │ INFO     │ [96m  [7] [1mMail Time[0m — 7 mirrors[0m
2026-07-13 02:51:35 │ INFO     │ [96m  [8] [1mThe Simpsons: Hit & Run[0m — 15 mirrors[0m
2026-07-13 02:51:44 │ INFO     │ [96m  [9] [1mAgatha Christie - Murder on the Orient Express[0m — 13 mirrors[0m
2026-07-13 02:51:44 │ INFO     │ [96m  [10] [1mKirby’s Dream Buffet[0m — 7 mirrors[0m
2026-07-13 02:51:48 │ INFO     │ [96m  [11] [1mGhostbusters: Spirits Unleashed Ecto Edition[0m — 15 mirrors[0m
2026-07-13 02:51:59 │ INFO     │ [96m  [12] [1mInescapable: No Rules, No Rescue[0m — 18 mirrors[0m
2026-07-13 02:52:14 │ INFO     │ [96m  [13] [1mDisgaea 5 Complete[0m — 17 mirrors[0m
2026-07-13 02:52:19 │ INFO     │ [96m  [14] [1mFEZ[0m — 12 mirrors[0m
2026-07-13 02:52:25 │ INFO     │ [96m  [15] [1mDisgaea 6: Defiance of Destiny[0m — 22 mirrors[0m
2026-07-13 02:52:31 │ INFO     │ [96m  [16] [1mPretty Princess Magical Garden Island[0m — 35 mirrors[0m
2026-07-13 02:52:37 │ INFO     │ [96m  [17] [1mDanganronpa: Trigger Happy Havoc Anniversary Edition[0m — 14 mirrors[0m
2026-07-13 02:52:43 │ INFO     │ [96m  [18] [1mDanganronpa 2: Goodbye Despair Anniversary Edition[0m — 14 mirrors[0m
2026-07-13 02:52:43 │ INFO     │ [96m  [19] [1mDisgaea 4 Complete+[0m — 35 mirrors[0m
2026-07-13 02:52:53 │ INFO     │ [96m  [20] [1mWarm Snow[0m — 13 mirrors[0m
2026-07-13 02:53:10 │ INFO     │ [96m  [21] [1mThe Quintessential Quintuplets: Gotopazu Story[0m — 16 mirrors[0m
2026-07-13 02:53:11 │ INFO     │ [96m  [22] [1mPasspartout 2: The Lost Artist[0m — 28 mirrors[0m
2026-07-13 02:53:13 │ INFO     │ [96m  [23] [1mTokyo Xanadu eX+[0m — 21 mirrors[0m
2026-07-13 02:53:14 │ INFO     │ [96m  [24] [1mChained Echoes[0m — 12 mirrors[0m
2026-07-13 02:53:25 │ INFO     │ [96m  [25] [1mI'LL KILL HER[0m — 6 mirrors[0m
2026-07-13 02:53:25 │ INFO     │ [96m  [26] [1mWORLD OF HORROR[0m — 25 mirrors[0m
2026-07-13 02:53:30 │ INFO     │ [96m  [27] [1mThe Pale Beyond[0m — 12 mirrors[0m
2026-07-13 02:53:32 │ INFO     │ [96m  [28] [1mGargoyles Remastered[0m — 12 mirrors[0m
2026-07-13 02:53:33 │ INFO     │ [96m  [29] [1mSuicide Guy: The Lost Dreams[0m — 12 mirrors[0m
2026-07-13 02:53:35 │ INFO     │ [96m  [30] [1mSilent Paws[0m — 6 mirrors[0m
2026-07-13 02:53:41 │ INFO     │ [96m  [31] [1mGarlic[0m — 6 mirrors[0m
2026-07-13 02:53:46 │ INFO     │ [96m  [32] [1mRocket League Ultimate Edition[0m — 12 mirrors[0m
2026-07-13 02:53:47 │ INFO     │ [96m  [33] [1mKona II: Brume[0m — 8 mirrors[0m
2026-07-13 02:53:51 │ INFO     │ [96m  [34] [1mLEGO CITY Undercover[0m — 9 mirrors[0m
2026-07-13 02:54:03 │ INFO     │ [96m  [35] [1mThe Caligula Effect 2[0m — 19 mirrors[0m
2026-07-13 02:54:06 │ INFO     │ [96m  [36] [1mManeater[0m — 12 mirrors[0m
2026-07-13 02:54:11 │ INFO     │ [96m  [37] [1mSkul: The Hero Slayer[0m — 19 mirrors[0m
2026-07-13 02:54:12 │ INFO     │ [96m  [38] [1mTHEATRHYTHM FINAL BAR LINE[0m — 16 mirrors[0m
2026-07-13 02:54:15 │ INFO     │ [96m  [39] [1mHOT WHEELS UNLEASHED 2 – Turbocharged[0m — 15 mirrors[0m
2026-07-13 02:54:18 │ INFO     │ [96m  [40] [1mMutant Year Zero: Road to Eden - Deluxe Edition[0m — 9 mirrors[0m
2026-07-13 02:54:18 │ INFO     │ [96m[93mProgress: 360/491 pages processed, 360 games with mirrors so far…[0m[0m
2026-07-13 02:54:32 │ INFO     │ [96m  [1] [1mWhitestone[0m — 8 mirrors[0m
2026-07-13 02:54:32 │ INFO     │ [96m  [2] [1mKingdom Eighties[0m — 8 mirrors[0m
2026-07-13 02:54:33 │ INFO     │ [96m  [3] [1mNo More Heroes[0m — 8 mirrors[0m
2026-07-13 02:54:35 │ INFO     │ [96m  [4] [1mThe Grinch: Christmas Adventures[0m — 10 mirrors[0m
2026-07-13 02:54:39 │ INFO     │ [96m  [5] [1mNo More Heroes 2: Desperate Struggle[0m — 12 mirrors[0m
2026-07-13 02:54:42 │ INFO     │ [96m  [6] [1mVlad Circus: Descend into Madness[0m — 5 mirrors[0m
2026-07-13 02:54:48 │ INFO     │ [96m  [7] [1mGRIS[0m — 9 mirrors[0m
2026-07-13 02:54:49 │ INFO     │ [96m  [8] [1mUltraGoodness[0m — 5 mirrors[0m
2026-07-13 02:54:50 │ INFO     │ [96m  [9] [1mOXENFREE II: Lost Signals[0m — 10 mirrors[0m
2026-07-13 02:54:51 │ INFO     │ [96m  [10] [1mHellboy Web of Wyrd[0m — 9 mirrors[0m
2026-07-13 02:54:52 │ INFO     │ [96m  [11] [1mASTRO AQUA KITTY: Pawsome Collection[0m — 5 mirrors[0m
2026-07-13 02:54:58 │ INFO     │ [96m  [12] [1mRe.Surs[0m — 4 mirrors[0m
2026-07-13 02:55:04 │ INFO     │ [96m  [13] [1mRakuen: Deluxe Edition[0m — 9 mirrors[0m
2026-07-13 02:55:06 │ INFO     │ [96m  [14] [1mSunshine Manor[0m — 4 mirrors[0m
2026-07-13 02:55:08 │ INFO     │ [96m  [15] [1mBrotato[0m — 10 mirrors[0m
2026-07-13 02:55:09 │ INFO     │ [96m  [16] [1mSakura Alien[0m — 10 mirrors[0m
2026-07-13 02:55:14 │ INFO     │ [96m  [17] [1mTerra Alia: The Language Discovery RPG[0m — 3 mirrors[0m
2026-07-13 02:55:18 │ INFO     │ [96m  [18] [1mLumo[0m — 5 mirrors[0m
2026-07-13 02:55:19 │ INFO     │ [96m  [19] [1mDwerve[0m — 9 mirrors[0m
2026-07-13 02:55:20 │ INFO     │ [96m  [20] [1mDisney Classic Games: Aladdin and The Lion King [DLC][0m — 20 mirrors[0m
2026-07-13 02:55:24 │ INFO     │ [96m  [21] [1mSolar Ash[0m — 3 mirrors[0m
2026-07-13 02:55:27 │ INFO     │ [96m  [22] [1mYou Suck at Parking[0m — 13 mirrors[0m
2026-07-13 02:55:29 │ INFO     │ [96m  [23] [1mNeon White[0m — 9 mirrors[0m
2026-07-13 02:55:33 │ INFO     │ [96m  [24] [1mPRINCESS MAKER - FAERY TALES COME TRUE[0m — 8 mirrors[0m
2026-07-13 02:55:37 │ INFO     │ [96m  [25] [1mAdore[0m — 10 mirrors[0m
2026-07-13 02:55:41 │ INFO     │ [96m  [26] [1mTRANSFORMERS: EARTHSPARK - Expedition[0m — 10 mirrors[0m
2026-07-13 02:55:43 │ INFO     │ [96m  [27] [1mElypse[0m — 10 mirrors[0m
2026-07-13 02:55:45 │ INFO     │ [96m  [28] [1mVenba[0m — 10 mirrors[0m
2026-07-13 02:55:46 │ INFO     │ [96m  [29] [1mWould you like to run an idol cafe? 3[0m — 5 mirrors[0m
2026-07-13 02:55:50 │ INFO     │ [96m  [30] [1mAstebros[0m — 5 mirrors[0m
2026-07-13 02:55:55 │ INFO     │ [96m  [31] [1mLucy Got Problems[0m — 5 mirrors[0m
2026-07-13 02:55:57 │ INFO     │ [96m  [32] [1mDino Ranch - Ride to the Rescue[0m — 15 mirrors[0m
2026-07-13 02:56:00 │ INFO     │ [96m  [33] [1mA Tiny Sticker Tale[0m — 10 mirrors[0m
2026-07-13 02:56:04 │ INFO     │ [96m  [34] [1mDeath's Door[0m — 11 mirrors[0m
2026-07-13 02:56:07 │ INFO     │ [96m  [35] [1mSongbird Symphony[0m — 10 mirrors[0m
2026-07-13 02:56:16 │ INFO     │ [96m  [36] [1mLong Gone Days[0m — 10 mirrors[0m
2026-07-13 02:56:16 │ INFO     │ [96m  [37] [1mRiver City: Rival Showdown[0m — 12 mirrors[0m
2026-07-13 02:56:17 │ INFO     │ [96m  [38] [1mSamba de Amigo: Party Central[0m — 14 mirrors[0m
2026-07-13 02:56:21 │ INFO     │ [96m  [39] [1mHaunted House[0m — 9 mirrors[0m
2026-07-13 02:56:25 │ INFO     │ [96m  [40] [1mWorld of Outlaws: Dirt Racing 23 Edition[0m — 13 mirrors[0m
2026-07-13 02:56:25 │ INFO     │ [96m[93mProgress: 400/491 pages processed, 400 games with mirrors so far…[0m[0m
2026-07-13 02:56:33 │ INFO     │ [96m  [1] [1mNEKOPARA Vol.2[0m — 4 mirrors[0m
2026-07-13 02:56:33 │ INFO     │ [96m  [2] [1mGirls Frantic Clan[0m — 4 mirrors[0m
2026-07-13 02:56:35 │ INFO     │ [96m  [3] [1mNEKOPARA Vol.1[0m — 5 mirrors[0m
2026-07-13 02:56:36 │ INFO     │ [96m  [4] [1mNeko Journey[0m — 6 mirrors[0m
2026-07-13 02:56:43 │ INFO     │ [96m  [5] [1mDon’t Starve Together[0m — 10 mirrors[0m
2026-07-13 02:56:47 │ INFO     │ [96m  [6] [1mCastlevania Advance Collection[0m — 7 mirrors[0m
2026-07-13 02:56:50 │ INFO     │ [96m  [7] [1mNEKOPARA Vol.3[0m — 10 mirrors[0m
2026-07-13 02:56:52 │ INFO     │ [96m  [8] [1mTY the Tasmanian Tiger 4[0m — 10 mirrors[0m
2026-07-13 02:56:53 │ INFO     │ [96m  [9] [1mNEKOPARA Vol.4[0m — 12 mirrors[0m
2026-07-13 02:57:01 │ INFO     │ [96m  [10] [1mThe Dark Pictures Anthology: Little Hope[0m — 11 mirrors[0m
2026-07-13 02:57:07 │ INFO     │ [96m  [11] [1mDinobreak[0m — 8 mirrors[0m
2026-07-13 02:57:17 │ INFO     │ [96m  [12] [1mWild Legion[0m — 10 mirrors[0m
2026-07-13 02:57:18 │ INFO     │ [96m  [13] [1mBLACK WITCHCRAFT[0m — 19 mirrors[0m
2026-07-13 02:57:22 │ INFO     │ [96m  [14] [1mGang Beasts[0m — 20 mirrors[0m
2026-07-13 02:57:26 │ INFO     │ [96m  [15] [1mAstrix & Obelix: Heroes[0m — 5 mirrors[0m
2026-07-13 02:57:27 │ INFO     │ [96m  [16] [1mTorino Line[0m — 5 mirrors[0m
2026-07-13 02:57:28 │ INFO     │ [96m  [17] [1mAtelier Ryza 2[0m — 13 mirrors[0m
2026-07-13 02:57:31 │ INFO     │ [96m  [18] [1mFloral Flowlove[0m — 5 mirrors[0m
2026-07-13 02:57:33 │ INFO     │ [96m  [19] [1mBorderlands 3 Ultimate Edition[0m — 25 mirrors[0m
2026-07-13 02:57:40 │ INFO     │ [96m  [20] [1mLost in Random[0m — 8 mirrors[0m
2026-07-13 02:57:42 │ INFO     │ [96m  [21] [1mEvil Wizard[0m — 7 mirrors[0m
2026-07-13 02:57:46 │ INFO     │ [96m  [22] [1mDAEMON X MACHINA[0m — 11 mirrors[0m
2026-07-13 02:57:55 │ INFO     │ [96m  [23] [1mTwo Point Campus[0m — 14 mirrors[0m
2026-07-13 02:57:56 │ INFO     │ [96m  [24] [1mRise of the Triad: Ludicrous Edition[0m — 10 mirrors[0m
2026-07-13 02:57:57 │ INFO     │ [96m  [25] [1mWargroove 2 NPS[0m — 6 mirrors[0m
2026-07-13 02:57:59 │ INFO     │ [96m  [26] [1mBang-On Balls: Chronicles[0m — 10 mirrors[0m
2026-07-13 02:57:59 │ INFO     │ [96m  [27] [1mDetective Pikachu Returns[0m — 2 mirrors[0m
2026-07-13 02:58:00 │ INFO     │ [96m  [28] [1mJUMP FORCE[0m — 21 mirrors[0m
2026-07-13 02:58:01 │ INFO     │ [96m  [29] [1mNINJA KIDZ: TIME MASTERS[0m — 2 mirrors[0m
2026-07-13 02:58:04 │ INFO     │ [96m  [30] [1mSynergia - NextGen Edition[0m — 2 mirrors[0m
2026-07-13 02:58:06 │ INFO     │ [96m  [31] [1mStray Gods: The Roleplaying Musical[0m — 2 mirrors[0m
2026-07-13 02:58:09 │ INFO     │ [96m  [32] [1mChants of Sennaar[0m — 5 mirrors[0m
2026-07-13 02:58:10 │ INFO     │ [96m  [33] [1mCry Babies Magic Tears: The Big Game[0m — 2 mirrors[0m
2026-07-13 02:58:11 │ INFO     │ [96m  [34] [1mMY HERO ULTRA RUMBLE[0m — 6 mirrors[0m
2026-07-13 02:58:11 │ INFO     │ [96m  [35] [1mMondealy[0m — 9 mirrors[0m
2026-07-13 02:58:20 │ INFO     │ [96m  [36] [1mThe Many Pieces of Mr. Coo[0m — 5 mirrors[0m
2026-07-13 02:58:21 │ INFO     │ [96m  [37] [1mAncestors Legacy[0m — 5 mirrors[0m
2026-07-13 02:58:22 │ INFO     │ [96m  [38] [1mCassette Beasts[0m — 10 mirrors[0m
2026-07-13 02:58:22 │ INFO     │ [96m  [39] [1mMato Anomalies[0m — 7 mirrors[0m
2026-07-13 02:58:23 │ INFO     │ [96m  [40] [1mPotion Permit[0m — 7 mirrors[0m
2026-07-13 02:58:23 │ INFO     │ [96m[93mProgress: 440/491 pages processed, 440 games with mirrors so far…[0m[0m
2026-07-13 02:58:28 │ INFO     │ [96m  [1] [1mDeflector[0m — 2 mirrors[0m
2026-07-13 02:58:29 │ INFO     │ [96m  [2] [1mAfterdream[0m — 3 mirrors[0m
2026-07-13 02:58:33 │ INFO     │ [96m  [3] [1mPizza Possum[0m — 5 mirrors[0m
2026-07-13 02:58:34 │ INFO     │ [96m  [4] [1mMineko's Night Market[0m — 6 mirrors[0m
2026-07-13 02:58:35 │ INFO     │ [96m  [5] [1mAvatar The Last Airbender: Quest for Balance[0m — 3 mirrors[0m
2026-07-13 02:58:37 │ INFO     │ [96m  [6] [1mFarming Simulator 23: Nintendo Switch Edition[0m — 8 mirrors[0m
2026-07-13 02:58:37 │ INFO     │ [96m  [7] [1mAikagi After Days[0m — 2 mirrors[0m
2026-07-13 02:58:41 │ INFO     │ [96m  [8] [1mInfinity Strash: DRAGON QUEST The Adventure of Dai[0m — 8 mirrors[0m
2026-07-13 02:58:42 │ INFO     │ [96m  [9] [1mAbomi Nation[0m — 2 mirrors[0m
2026-07-13 02:58:43 │ INFO     │ [96m  [10] [1mCOCOON[0m — 3 mirrors[0m
2026-07-13 02:58:44 │ INFO     │ [96m  [11] [1mCyberTD[0m — 1 mirrors[0m
2026-07-13 02:58:45 │ INFO     │ [96m  [12] [1mPAW Patrol World[0m — 6 mirrors[0m
2026-07-13 02:58:47 │ INFO     │ [96m  [13] [1mDolphin Spirit – Ocean Mission[0m — 2 mirrors[0m
2026-07-13 02:58:49 │ INFO     │ [96m  [14] [1mMaster Detective Archives: RAIN CODE[0m — 8 mirrors[0m
2026-07-13 02:58:49 │ INFO     │ [96m  [15] [1mForgive Me Father[0m — 2 mirrors[0m
2026-07-13 02:58:51 │ INFO     │ [96m  [16] [1mGothic Classic[0m — 5 mirrors[0m
2026-07-13 02:58:51 │ INFO     │ [96m  [17] [1mFreak Crossing[0m — 3 mirrors[0m
2026-07-13 02:58:53 │ INFO     │ [96m  [18] [1mTiny Troopers: Global Ops[0m — 2 mirrors[0m
2026-07-13 02:58:53 │ INFO     │ [96m  [19] [1mSilent Hope[0m — 3 mirrors[0m
2026-07-13 02:58:56 │ INFO     │ [96m  [20] [1mNickelodeon All-Star Brawl[0m — 4 mirrors[0m
2026-07-13 02:58:56 │ INFO     │ [96m  [21] [1mAnnalynn[0m — 1 mirrors[0m
2026-07-13 02:58:58 │ INFO     │ [96m  [22] [1mVirgo Versus The Zodiac[0m — 2 mirrors[0m
2026-07-13 02:58:59 │ INFO     │ [96m  [23] [1mDisgaea 7: Vows of the Virtueless[0m — 4 mirrors[0m
2026-07-13 02:59:00 │ INFO     │ [96m  [24] [1mRetro Revengers[0m — 1 mirrors[0m
2026-07-13 02:59:00 │ INFO     │ [96m  [25] Whateverland — no mirrors matched filters.[0m
2026-07-13 02:59:01 │ INFO     │ [96m  [26] [1mWarriors of the Nile 2[0m — 2 mirrors[0m
2026-07-13 02:59:01 │ INFO     │ [96m  [27] [1mYs X: Nordics[0m — 6 mirrors[0m
2026-07-13 02:59:02 │ INFO     │ [96m  [28] [1mLivestream 2: Escape from Togaezuka Happy Place[0m — 2 mirrors[0m
2026-07-13 02:59:03 │ INFO     │ [96m  [29] [1mShuyan Saga[0m — 1 mirrors[0m
2026-07-13 02:59:04 │ INFO     │ [96m  [30] [1mVenatrix[0m — 1 mirrors[0m
2026-07-13 02:59:05 │ INFO     │ [96m  [31] [1mSpongeBob SquarePants: Battle for Bikini Bottom – Rehydrated[0m — 2 mirrors[0m
2026-07-13 02:59:07 │ INFO     │ [96m  [32] [1mGunbrella[0m — 2 mirrors[0m
2026-07-13 02:59:08 │ INFO     │ [96m  [33] [1mALAN WONDERWORLD[0m — 3 mirrors[0m
2026-07-13 02:59:09 │ INFO     │ [96m  [34] [1mEnraged Red Ogre[0m — 2 mirrors[0m
2026-07-13 02:59:10 │ INFO     │ [96m  [35] [1mAmanda the Adventurer[0m — 2 mirrors[0m
2026-07-13 02:59:11 │ INFO     │ [96m  [36] [1mMoving Out 2[0m — 4 mirrors[0m
2026-07-13 02:59:11 │ INFO     │ [96m  [37] [1mGloomhaven[0m — 2 mirrors[0m
2026-07-13 02:59:12 │ INFO     │ [96m  [38] [1mKirby Fighters 2[0m — 1 mirrors[0m
2026-07-13 02:59:12 │ INFO     │ [96m  [39] [1mAerial Life[0m — 2 mirrors[0m
2026-07-13 02:59:17 │ INFO     │ [96m  [40] [1mSTAR WARS Republic Commando[0m — 4 mirrors[0m
2026-07-13 02:59:17 │ INFO     │ [96m[93mProgress: 480/491 pages processed, 479 games with mirrors so far…[0m[0m
2026-07-13 02:59:21 │ INFO     │ [96m  [1] [1mUgPhone MOD APK (Unlocked, Unlimited Time) V1.3.4.2[0m — 1 mirrors[0m
2026-07-13 02:59:25 │ INFO     │ [96m  [2] [1mSunny Café[0m — 4 mirrors[0m
2026-07-13 02:59:26 │ INFO     │ [96m  [3] [1mDoctor Who: The Edge of Reality[0m — 2 mirrors[0m
2026-07-13 02:59:26 │ INFO     │ [96m  [4] [1mSaviorless[0m — 4 mirrors[0m
2026-07-13 02:59:26 │ INFO     │ [96m  [5] [1mKONOSUBA – God’s Blessing on this Wonderful World! Love For These Clothes Of Desire![0m — 4 mirrors[0m
2026-07-13 02:59:28 │ INFO     │ [96m  [6] [1mLittle Orpheus[0m — 5 mirrors[0m
2026-07-13 02:59:30 │ INFO     │ [96m  [7] [1mAeterna Noctis[0m — 2 mirrors[0m
2026-07-13 02:59:31 │ INFO     │ [96m  [8] [1mKirby and the Forgotten Land[0m — 2 mirrors[0m
2026-07-13 02:59:34 │ INFO     │ [96m  [9] [1mAeternoBlade II: Infinity[0m — 3 mirrors[0m
2026-07-13 02:59:50 │ INFO     │ [96m  [10] [1mSuper Mario Bros. Wonder[0m — 13 mirrors[0m
2026-07-13 03:00:31 │ INFO     │ [96m  [11] [1mSONIC SUPERSTARS[0m — 40 mirrors[0m
2026-07-13 03:00:31 │ INFO     │ [96m[93mProgress: 491/491 pages processed, 490 games with mirrors so far…[0m[0m
2026-07-13 03:00:31 │ INFO     │ [96m[96mFull-site scrape complete: 490 games with mirrors from 491 pages.[0m[0m
2026-07-13 03:00:31 │ INFO     │ [96m[96m--- Exporting results ---[0m[0m
2026-07-13 03:00:31 │ INFO     │ [96m[92m✔[0m CSV saved: output\switch_games.csv[0m
2026-07-13 03:00:31 │ INFO     │ [96m[1m[92m[FINISHED][0m System terminated successfully.[0m
2026-07-14 17:47:16 │ INFO     │ [96m[96mLink check target:[0m output\switch_games.csv[0m
2026-07-14 17:47:16 │ ERROR    │ [91m[91mCSV has neither 'Final Direct Link' nor 'Redirect URL' column. Found columns: ['Game Title;Front Page Info (Size/Version);Front Page Info (Genre/Publisher);Detail URL;ROM Format;File Size;Mirror Hoster;Redirect URL;Final Direct Link'][0m[0m
2026-07-14 17:47:16 │ WARNING  │ [93mLink check did not produce a report (see errors above).[0m
2026-07-14 17:47:16 │ INFO     │ [96m[1m[92m[FINISHED][0m System terminated successfully.[0m
2026-07-14 17:53:54 │ INFO     │ [96m[96mLink check target:[0m output\switch_games.csv[0m
2026-07-14 17:53:54 │ INFO     │ [96m[96m--- Starting LINK CHECK ---[0m  (5892 rows from output\switch_games.csv)[0m
2026-07-14 17:53:54 │ INFO     │ [96mChecking 5859 unique links with 10 workers…[0m
2026-07-14 17:53:58 │ INFO     │ [96m[93mProgress: 25/5859 links checked…[0m[0m
2026-07-14 17:54:00 │ INFO     │ [96m[93mProgress: 50/5859 links checked…[0m[0m
2026-07-14 17:54:01 │ INFO     │ [96m[93mProgress: 75/5859 links checked…[0m[0m
2026-07-14 17:54:04 │ INFO     │ [96m[93mProgress: 100/5859 links checked…[0m[0m
2026-07-14 17:54:06 │ INFO     │ [96m[93mProgress: 125/5859 links checked…[0m[0m
2026-07-14 17:54:07 │ INFO     │ [96m[93mProgress: 150/5859 links checked…[0m[0m
2026-07-14 17:54:09 │ INFO     │ [96m[93mProgress: 175/5859 links checked…[0m[0m
2026-07-14 17:54:11 │ INFO     │ [96m[93mProgress: 200/5859 links checked…[0m[0m
2026-07-14 17:54:13 │ INFO     │ [96m[93mProgress: 225/5859 links checked…[0m[0m
2026-07-14 17:54:15 │ INFO     │ [96m[93mProgress: 250/5859 links checked…[0m[0m
2026-07-14 17:54:17 │ INFO     │ [96m[93mProgress: 275/5859 links checked…[0m[0m
2026-07-14 17:54:19 │ INFO     │ [96m[93mProgress: 300/5859 links checked…[0m[0m
2026-07-14 17:54:21 │ INFO     │ [96m[93mProgress: 325/5859 links checked…[0m[0m
2026-07-14 17:54:23 │ INFO     │ [96m[93mProgress: 350/5859 links checked…[0m[0m
2026-07-14 17:54:25 │ INFO     │ [96m[93mProgress: 375/5859 links checked…[0m[0m
2026-07-14 17:54:27 │ INFO     │ [96m[93mProgress: 400/5859 links checked…[0m[0m
2026-07-14 17:54:29 │ INFO     │ [96m[93mProgress: 425/5859 links checked…[0m[0m
2026-07-14 17:54:31 │ INFO     │ [96m[93mProgress: 450/5859 links checked…[0m[0m
2026-07-14 17:54:33 │ INFO     │ [96m[93mProgress: 475/5859 links checked…[0m[0m
2026-07-14 17:54:36 │ INFO     │ [96m[93mProgress: 500/5859 links checked…[0m[0m
2026-07-14 17:54:38 │ INFO     │ [96m[93mProgress: 525/5859 links checked…[0m[0m
2026-07-14 17:54:40 │ INFO     │ [96m[93mProgress: 550/5859 links checked…[0m[0m
2026-07-14 17:54:42 │ INFO     │ [96m[93mProgress: 575/5859 links checked…[0m[0m
2026-07-14 17:54:44 │ INFO     │ [96m[93mProgress: 600/5859 links checked…[0m[0m
2026-07-14 17:54:46 │ INFO     │ [96m[93mProgress: 625/5859 links checked…[0m[0m
2026-07-14 17:54:49 │ INFO     │ [96m[93mProgress: 650/5859 links checked…[0m[0m
2026-07-14 17:54:51 │ INFO     │ [96m[93mProgress: 675/5859 links checked…[0m[0m
2026-07-14 17:54:54 │ INFO     │ [96m[93mProgress: 700/5859 links checked…[0m[0m
2026-07-14 17:54:58 │ INFO     │ [96m[93mProgress: 725/5859 links checked…[0m[0m
2026-07-14 17:55:14 │ INFO     │ [96m[93mProgress: 750/5859 links checked…[0m[0m
2026-07-14 17:55:18 │ INFO     │ [96m[93mProgress: 775/5859 links checked…[0m[0m
2026-07-14 17:55:24 │ INFO     │ [96m[93mProgress: 800/5859 links checked…[0m[0m
2026-07-14 17:55:33 │ INFO     │ [96m[93mProgress: 825/5859 links checked…[0m[0m
2026-07-14 17:55:38 │ INFO     │ [96m[93mProgress: 850/5859 links checked…[0m[0m
2026-07-14 17:55:42 │ INFO     │ [96m[93mProgress: 875/5859 links checked…[0m[0m
2026-07-14 17:55:45 │ INFO     │ [96m[93mProgress: 900/5859 links checked…[0m[0m
2026-07-14 17:55:47 │ INFO     │ [96m[93mProgress: 925/5859 links checked…[0m[0m
2026-07-14 17:55:51 │ INFO     │ [96m[93mProgress: 950/5859 links checked…[0m[0m
2026-07-14 17:55:57 │ INFO     │ [96m[93mProgress: 975/5859 links checked…[0m[0m
2026-07-14 17:56:09 │ INFO     │ [96m[93mProgress: 1000/5859 links checked…[0m[0m
2026-07-14 17:56:17 │ INFO     │ [96m[93mProgress: 1025/5859 links checked…[0m[0m
2026-07-14 17:56:27 │ INFO     │ [96m[93mProgress: 1050/5859 links checked…[0m[0m
2026-07-14 17:56:35 │ INFO     │ [96m[93mProgress: 1075/5859 links checked…[0m[0m
2026-07-14 17:56:42 │ INFO     │ [96m[93mProgress: 1100/5859 links checked…[0m[0m
2026-07-14 17:56:53 │ INFO     │ [96m[93mProgress: 1125/5859 links checked…[0m[0m
2026-07-14 17:57:00 │ INFO     │ [96m[93mProgress: 1150/5859 links checked…[0m[0m
2026-07-14 17:57:06 │ INFO     │ [96m[93mProgress: 1175/5859 links checked…[0m[0m
2026-07-14 17:57:18 │ INFO     │ [96m[93mProgress: 1200/5859 links checked…[0m[0m
2026-07-14 17:57:26 │ INFO     │ [96m[93mProgress: 1225/5859 links checked…[0m[0m
2026-07-14 17:57:35 │ INFO     │ [96m[93mProgress: 1250/5859 links checked…[0m[0m
2026-07-14 17:57:44 │ INFO     │ [96m[93mProgress: 1275/5859 links checked…[0m[0m
2026-07-14 17:57:50 │ INFO     │ [96m[93mProgress: 1300/5859 links checked…[0m[0m
2026-07-14 17:58:00 │ INFO     │ [96m[93mProgress: 1325/5859 links checked…[0m[0m
2026-07-14 17:58:10 │ INFO     │ [96m[93mProgress: 1350/5859 links checked…[0m[0m
2026-07-14 17:58:18 │ INFO     │ [96m[93mProgress: 1375/5859 links checked…[0m[0m
2026-07-14 17:58:26 │ INFO     │ [96m[93mProgress: 1400/5859 links checked…[0m[0m
2026-07-14 17:58:36 │ INFO     │ [96m[93mProgress: 1425/5859 links checked…[0m[0m
2026-07-14 17:58:45 │ INFO     │ [96m[93mProgress: 1450/5859 links checked…[0m[0m
2026-07-14 17:58:52 │ INFO     │ [96m[93mProgress: 1475/5859 links checked…[0m[0m
2026-07-14 17:59:02 │ INFO     │ [96m[93mProgress: 1500/5859 links checked…[0m[0m
2026-07-14 17:59:08 │ INFO     │ [96m[93mProgress: 1525/5859 links checked…[0m[0m
2026-07-14 17:59:14 │ INFO     │ [96m[93mProgress: 1550/5859 links checked…[0m[0m
2026-07-14 17:59:20 │ INFO     │ [96m[93mProgress: 1575/5859 links checked…[0m[0m
2026-07-14 17:59:30 │ INFO     │ [96m[93mProgress: 1600/5859 links checked…[0m[0m
2026-07-14 17:59:37 │ INFO     │ [96m[93mProgress: 1625/5859 links checked…[0m[0m
2026-07-14 17:59:42 │ INFO     │ [96m[93mProgress: 1650/5859 links checked…[0m[0m
2026-07-14 17:59:51 │ INFO     │ [96m[93mProgress: 1675/5859 links checked…[0m[0m
2026-07-14 17:59:57 │ INFO     │ [96m[93mProgress: 1700/5859 links checked…[0m[0m
2026-07-14 18:00:02 │ INFO     │ [96m[93mProgress: 1725/5859 links checked…[0m[0m
2026-07-14 18:00:07 │ INFO     │ [96m[93mProgress: 1750/5859 links checked…[0m[0m
2026-07-14 18:00:17 │ INFO     │ [96m[93mProgress: 1775/5859 links checked…[0m[0m
2026-07-14 18:00:24 │ INFO     │ [96m[93mProgress: 1800/5859 links checked…[0m[0m
2026-07-14 18:00:29 │ INFO     │ [96m[93mProgress: 1825/5859 links checked…[0m[0m
2026-07-14 18:00:38 │ INFO     │ [96m[93mProgress: 1850/5859 links checked…[0m[0m
2026-07-14 18:00:48 │ INFO     │ [96m[93mProgress: 1875/5859 links checked…[0m[0m
2026-07-14 18:00:53 │ INFO     │ [96m[93mProgress: 1900/5859 links checked…[0m[0m
2026-07-14 18:01:02 │ INFO     │ [96m[93mProgress: 1925/5859 links checked…[0m[0m
2026-07-14 18:01:11 │ INFO     │ [96m[93mProgress: 1950/5859 links checked…[0m[0m
2026-07-14 18:01:19 │ INFO     │ [96m[93mProgress: 1975/5859 links checked…[0m[0m
2026-07-14 18:01:28 │ INFO     │ [96m[93mProgress: 2000/5859 links checked…[0m[0m
2026-07-14 18:01:38 │ INFO     │ [96m[93mProgress: 2025/5859 links checked…[0m[0m
2026-07-14 18:01:46 │ INFO     │ [96m[93mProgress: 2050/5859 links checked…[0m[0m
2026-07-14 18:02:00 │ INFO     │ [96m[93mProgress: 2075/5859 links checked…[0m[0m
2026-07-14 18:02:08 │ INFO     │ [96m[93mProgress: 2100/5859 links checked…[0m[0m
2026-07-14 18:02:15 │ INFO     │ [96m[93mProgress: 2125/5859 links checked…[0m[0m
2026-07-14 18:02:25 │ INFO     │ [96m[93mProgress: 2150/5859 links checked…[0m[0m
2026-07-14 18:02:29 │ INFO     │ [96m[93mProgress: 2175/5859 links checked…[0m[0m
2026-07-14 18:02:33 │ INFO     │ [96m[93mProgress: 2200/5859 links checked…[0m[0m
2026-07-14 18:02:36 │ INFO     │ [96m[93mProgress: 2225/5859 links checked…[0m[0m
2026-07-14 18:02:38 │ INFO     │ [96m[93mProgress: 2250/5859 links checked…[0m[0m
2026-07-14 18:02:40 │ INFO     │ [96m[93mProgress: 2275/5859 links checked…[0m[0m
2026-07-14 18:02:42 │ INFO     │ [96m[93mProgress: 2300/5859 links checked…[0m[0m
2026-07-14 18:02:44 │ INFO     │ [96m[93mProgress: 2325/5859 links checked…[0m[0m
2026-07-14 18:02:46 │ INFO     │ [96m[93mProgress: 2350/5859 links checked…[0m[0m
2026-07-14 18:02:49 │ INFO     │ [96m[93mProgress: 2375/5859 links checked…[0m[0m
2026-07-14 18:02:52 │ INFO     │ [96m[93mProgress: 2400/5859 links checked…[0m[0m
2026-07-14 18:02:58 │ INFO     │ [96m[93mProgress: 2425/5859 links checked…[0m[0m
2026-07-14 18:03:12 │ INFO     │ [96m[93mProgress: 2450/5859 links checked…[0m[0m
2026-07-14 18:03:20 │ INFO     │ [96m[93mProgress: 2475/5859 links checked…[0m[0m
2026-07-14 18:03:31 │ INFO     │ [96m[93mProgress: 2500/5859 links checked…[0m[0m
2026-07-14 18:03:37 │ INFO     │ [96m[93mProgress: 2525/5859 links checked…[0m[0m
2026-07-14 18:03:41 │ INFO     │ [96m[93mProgress: 2550/5859 links checked…[0m[0m
2026-07-14 18:03:45 │ INFO     │ [96m[93mProgress: 2575/5859 links checked…[0m[0m
2026-07-14 18:03:49 │ INFO     │ [96m[93mProgress: 2600/5859 links checked…[0m[0m
2026-07-14 18:03:53 │ INFO     │ [96m[93mProgress: 2625/5859 links checked…[0m[0m
2026-07-14 18:04:01 │ INFO     │ [96m[93mProgress: 2650/5859 links checked…[0m[0m
2026-07-14 18:04:09 │ INFO     │ [96m[93mProgress: 2675/5859 links checked…[0m[0m
2026-07-14 18:04:13 │ INFO     │ [96m[93mProgress: 2700/5859 links checked…[0m[0m
2026-07-14 18:04:17 │ INFO     │ [96m[93mProgress: 2725/5859 links checked…[0m[0m
2026-07-14 18:04:21 │ INFO     │ [96m[93mProgress: 2750/5859 links checked…[0m[0m
2026-07-14 18:04:25 │ INFO     │ [96m[93mProgress: 2775/5859 links checked…[0m[0m
2026-07-14 18:04:28 │ INFO     │ [96m[93mProgress: 2800/5859 links checked…[0m[0m
2026-07-14 18:04:30 │ INFO     │ [96m[93mProgress: 2825/5859 links checked…[0m[0m
2026-07-14 18:04:33 │ INFO     │ [96m[93mProgress: 2850/5859 links checked…[0m[0m
2026-07-14 18:04:37 │ INFO     │ [96m[93mProgress: 2875/5859 links checked…[0m[0m
2026-07-14 18:04:49 │ INFO     │ [96m[93mProgress: 2900/5859 links checked…[0m[0m
2026-07-14 18:04:56 │ INFO     │ [96m[93mProgress: 2925/5859 links checked…[0m[0m
2026-07-14 18:05:01 │ INFO     │ [96m[93mProgress: 2950/5859 links checked…[0m[0m
2026-07-14 18:05:08 │ INFO     │ [96m[93mProgress: 2975/5859 links checked…[0m[0m
2026-07-14 18:05:13 │ INFO     │ [96m[93mProgress: 3000/5859 links checked…[0m[0m
2026-07-14 18:05:17 │ INFO     │ [96m[93mProgress: 3025/5859 links checked…[0m[0m
2026-07-14 18:05:19 │ INFO     │ [96m[93mProgress: 3050/5859 links checked…[0m[0m
2026-07-14 18:05:22 │ INFO     │ [96m[93mProgress: 3075/5859 links checked…[0m[0m
2026-07-14 18:05:24 │ INFO     │ [96m[93mProgress: 3100/5859 links checked…[0m[0m
2026-07-14 18:05:26 │ INFO     │ [96m[93mProgress: 3125/5859 links checked…[0m[0m
2026-07-14 18:05:29 │ INFO     │ [96m[93mProgress: 3150/5859 links checked…[0m[0m
2026-07-14 18:05:32 │ INFO     │ [96m[93mProgress: 3175/5859 links checked…[0m[0m
2026-07-14 18:05:34 │ INFO     │ [96m[93mProgress: 3200/5859 links checked…[0m[0m
2026-07-14 18:05:37 │ INFO     │ [96m[93mProgress: 3225/5859 links checked…[0m[0m
2026-07-14 18:05:39 │ INFO     │ [96m[93mProgress: 3250/5859 links checked…[0m[0m
2026-07-14 18:05:42 │ INFO     │ [96m[93mProgress: 3275/5859 links checked…[0m[0m
2026-07-14 18:05:44 │ INFO     │ [96m[93mProgress: 3300/5859 links checked…[0m[0m
2026-07-14 18:05:47 │ INFO     │ [96m[93mProgress: 3325/5859 links checked…[0m[0m
2026-07-14 18:05:50 │ INFO     │ [96m[93mProgress: 3350/5859 links checked…[0m[0m
2026-07-14 18:05:52 │ INFO     │ [96m[93mProgress: 3375/5859 links checked…[0m[0m
2026-07-14 18:05:55 │ INFO     │ [96m[93mProgress: 3400/5859 links checked…[0m[0m
2026-07-14 18:05:57 │ INFO     │ [96m[93mProgress: 3425/5859 links checked…[0m[0m
2026-07-14 18:05:59 │ INFO     │ [96m[93mProgress: 3450/5859 links checked…[0m[0m
2026-07-14 18:06:01 │ INFO     │ [96m[93mProgress: 3475/5859 links checked…[0m[0m
2026-07-14 18:06:04 │ INFO     │ [96m[93mProgress: 3500/5859 links checked…[0m[0m
2026-07-14 18:06:06 │ INFO     │ [96m[93mProgress: 3525/5859 links checked…[0m[0m
2026-07-14 18:06:09 │ INFO     │ [96m[93mProgress: 3550/5859 links checked…[0m[0m
2026-07-14 18:06:12 │ INFO     │ [96m[93mProgress: 3575/5859 links checked…[0m[0m
2026-07-14 18:06:14 │ INFO     │ [96m[93mProgress: 3600/5859 links checked…[0m[0m
2026-07-14 18:06:17 │ INFO     │ [96m[93mProgress: 3625/5859 links checked…[0m[0m
2026-07-14 18:06:20 │ INFO     │ [96m[93mProgress: 3650/5859 links checked…[0m[0m
2026-07-14 18:06:23 │ INFO     │ [96m[93mProgress: 3675/5859 links checked…[0m[0m
2026-07-14 18:06:25 │ INFO     │ [96m[93mProgress: 3700/5859 links checked…[0m[0m
2026-07-14 18:06:28 │ INFO     │ [96m[93mProgress: 3725/5859 links checked…[0m[0m
2026-07-14 18:06:31 │ INFO     │ [96m[93mProgress: 3750/5859 links checked…[0m[0m
2026-07-14 18:06:33 │ INFO     │ [96m[93mProgress: 3775/5859 links checked…[0m[0m
2026-07-14 18:06:36 │ INFO     │ [96m[93mProgress: 3800/5859 links checked…[0m[0m
2026-07-14 18:06:39 │ INFO     │ [96m[93mProgress: 3825/5859 links checked…[0m[0m
2026-07-14 18:06:41 │ INFO     │ [96m[93mProgress: 3850/5859 links checked…[0m[0m
2026-07-14 18:06:44 │ INFO     │ [96m[93mProgress: 3875/5859 links checked…[0m[0m
2026-07-14 18:06:46 │ INFO     │ [96m[93mProgress: 3900/5859 links checked…[0m[0m
2026-07-14 18:06:49 │ INFO     │ [96m[93mProgress: 3925/5859 links checked…[0m[0m
2026-07-14 18:06:51 │ INFO     │ [96m[93mProgress: 3950/5859 links checked…[0m[0m
2026-07-14 18:06:54 │ INFO     │ [96m[93mProgress: 3975/5859 links checked…[0m[0m
2026-07-14 18:06:56 │ INFO     │ [96m[93mProgress: 4000/5859 links checked…[0m[0m
2026-07-14 18:06:59 │ INFO     │ [96m[93mProgress: 4025/5859 links checked…[0m[0m
2026-07-14 18:07:01 │ INFO     │ [96m[93mProgress: 4050/5859 links checked…[0m[0m
2026-07-14 18:07:04 │ INFO     │ [96m[93mProgress: 4075/5859 links checked…[0m[0m
2026-07-14 18:07:06 │ INFO     │ [96m[93mProgress: 4100/5859 links checked…[0m[0m
2026-07-14 18:07:08 │ INFO     │ [96m[93mProgress: 4125/5859 links checked…[0m[0m
2026-07-14 18:07:10 │ INFO     │ [96m[93mProgress: 4150/5859 links checked…[0m[0m
2026-07-14 18:07:12 │ INFO     │ [96m[93mProgress: 4175/5859 links checked…[0m[0m
2026-07-14 18:07:15 │ INFO     │ [96m[93mProgress: 4200/5859 links checked…[0m[0m
2026-07-14 18:07:17 │ INFO     │ [96m[93mProgress: 4225/5859 links checked…[0m[0m
2026-07-14 18:07:19 │ INFO     │ [96m[93mProgress: 4250/5859 links checked…[0m[0m
2026-07-14 18:07:21 │ INFO     │ [96m[93mProgress: 4275/5859 links checked…[0m[0m
2026-07-14 18:07:23 │ INFO     │ [96m[93mProgress: 4300/5859 links checked…[0m[0m
2026-07-14 18:07:25 │ INFO     │ [96m[93mProgress: 4325/5859 links checked…[0m[0m
2026-07-14 18:07:28 │ INFO     │ [96m[93mProgress: 4350/5859 links checked…[0m[0m
2026-07-14 18:07:30 │ INFO     │ [96m[93mProgress: 4375/5859 links checked…[0m[0m
2026-07-14 18:07:32 │ INFO     │ [96m[93mProgress: 4400/5859 links checked…[0m[0m
2026-07-14 18:07:35 │ INFO     │ [96m[93mProgress: 4425/5859 links checked…[0m[0m
2026-07-14 18:07:37 │ INFO     │ [96m[93mProgress: 4450/5859 links checked…[0m[0m
2026-07-14 18:07:40 │ INFO     │ [96m[93mProgress: 4475/5859 links checked…[0m[0m
2026-07-14 18:07:42 │ INFO     │ [96m[93mProgress: 4500/5859 links checked…[0m[0m
2026-07-14 18:07:45 │ INFO     │ [96m[93mProgress: 4525/5859 links checked…[0m[0m
2026-07-14 18:07:47 │ INFO     │ [96m[93mProgress: 4550/5859 links checked…[0m[0m
2026-07-14 18:07:50 │ INFO     │ [96m[93mProgress: 4575/5859 links checked…[0m[0m
2026-07-14 18:07:52 │ INFO     │ [96m[93mProgress: 4600/5859 links checked…[0m[0m
2026-07-14 18:07:54 │ INFO     │ [96m[93mProgress: 4625/5859 links checked…[0m[0m
2026-07-14 18:07:57 │ INFO     │ [96m[93mProgress: 4650/5859 links checked…[0m[0m
2026-07-14 18:07:59 │ INFO     │ [96m[93mProgress: 4675/5859 links checked…[0m[0m
2026-07-14 18:08:02 │ INFO     │ [96m[93mProgress: 4700/5859 links checked…[0m[0m
2026-07-14 18:08:04 │ INFO     │ [96m[93mProgress: 4725/5859 links checked…[0m[0m
2026-07-14 18:08:07 │ INFO     │ [96m[93mProgress: 4750/5859 links checked…[0m[0m
2026-07-14 18:08:09 │ INFO     │ [96m[93mProgress: 4775/5859 links checked…[0m[0m
2026-07-14 18:08:12 │ INFO     │ [96m[93mProgress: 4800/5859 links checked…[0m[0m
2026-07-14 18:08:14 │ INFO     │ [96m[93mProgress: 4825/5859 links checked…[0m[0m
2026-07-14 18:08:17 │ INFO     │ [96m[93mProgress: 4850/5859 links checked…[0m[0m
2026-07-14 18:08:19 │ INFO     │ [96m[93mProgress: 4875/5859 links checked…[0m[0m
2026-07-14 18:08:22 │ INFO     │ [96m[93mProgress: 4900/5859 links checked…[0m[0m
2026-07-14 18:08:24 │ INFO     │ [96m[93mProgress: 4925/5859 links checked…[0m[0m
2026-07-14 18:08:26 │ INFO     │ [96m[93mProgress: 4950/5859 links checked…[0m[0m
2026-07-14 18:08:28 │ INFO     │ [96m[93mProgress: 4975/5859 links checked…[0m[0m
2026-07-14 18:08:31 │ INFO     │ [96m[93mProgress: 5000/5859 links checked…[0m[0m
2026-07-14 18:08:33 │ INFO     │ [96m[93mProgress: 5025/5859 links checked…[0m[0m
2026-07-14 18:08:36 │ INFO     │ [96m[93mProgress: 5050/5859 links checked…[0m[0m
2026-07-14 18:08:39 │ INFO     │ [96m[93mProgress: 5075/5859 links checked…[0m[0m
2026-07-14 18:08:41 │ INFO     │ [96m[93mProgress: 5100/5859 links checked…[0m[0m
2026-07-14 18:08:44 │ INFO     │ [96m[93mProgress: 5125/5859 links checked…[0m[0m
2026-07-14 18:08:46 │ INFO     │ [96m[93mProgress: 5150/5859 links checked…[0m[0m
2026-07-14 18:08:48 │ INFO     │ [96m[93mProgress: 5175/5859 links checked…[0m[0m
2026-07-14 18:08:51 │ INFO     │ [96m[93mProgress: 5200/5859 links checked…[0m[0m
2026-07-14 18:08:54 │ INFO     │ [96m[93mProgress: 5225/5859 links checked…[0m[0m
2026-07-14 18:08:56 │ INFO     │ [96m[93mProgress: 5250/5859 links checked…[0m[0m
2026-07-14 18:08:59 │ INFO     │ [96m[93mProgress: 5275/5859 links checked…[0m[0m
2026-07-14 18:09:02 │ INFO     │ [96m[93mProgress: 5300/5859 links checked…[0m[0m
2026-07-14 18:09:05 │ INFO     │ [96m[93mProgress: 5325/5859 links checked…[0m[0m
2026-07-14 18:09:08 │ INFO     │ [96m[93mProgress: 5350/5859 links checked…[0m[0m
2026-07-14 18:09:11 │ INFO     │ [96m[93mProgress: 5375/5859 links checked…[0m[0m
2026-07-14 18:09:14 │ INFO     │ [96m[93mProgress: 5400/5859 links checked…[0m[0m
2026-07-14 18:09:18 │ INFO     │ [96m[93mProgress: 5425/5859 links checked…[0m[0m
2026-07-14 18:09:22 │ INFO     │ [96m[93mProgress: 5450/5859 links checked…[0m[0m
2026-07-14 18:09:25 │ INFO     │ [96m[93mProgress: 5475/5859 links checked…[0m[0m
2026-07-14 18:09:29 │ INFO     │ [96m[93mProgress: 5500/5859 links checked…[0m[0m
2026-07-14 18:09:33 │ INFO     │ [96m[93mProgress: 5525/5859 links checked…[0m[0m
2026-07-14 18:09:37 │ INFO     │ [96m[93mProgress: 5550/5859 links checked…[0m[0m
2026-07-14 18:09:41 │ INFO     │ [96m[93mProgress: 5575/5859 links checked…[0m[0m
2026-07-14 18:09:44 │ INFO     │ [96m[93mProgress: 5600/5859 links checked…[0m[0m
2026-07-14 18:09:48 │ INFO     │ [96m[93mProgress: 5625/5859 links checked…[0m[0m
2026-07-14 18:09:51 │ INFO     │ [96m[93mProgress: 5650/5859 links checked…[0m[0m
2026-07-14 18:09:54 │ INFO     │ [96m[93mProgress: 5675/5859 links checked…[0m[0m
2026-07-14 18:09:57 │ INFO     │ [96m[93mProgress: 5700/5859 links checked…[0m[0m
2026-07-14 18:09:59 │ INFO     │ [96m[93mProgress: 5725/5859 links checked…[0m[0m
2026-07-14 18:10:02 │ INFO     │ [96m[93mProgress: 5750/5859 links checked…[0m[0m
2026-07-14 18:10:04 │ INFO     │ [96m[93mProgress: 5775/5859 links checked…[0m[0m
2026-07-14 18:10:07 │ INFO     │ [96m[93mProgress: 5800/5859 links checked…[0m[0m
2026-07-14 18:10:09 │ INFO     │ [96m[93mProgress: 5825/5859 links checked…[0m[0m
2026-07-14 18:10:12 │ INFO     │ [96m[93mProgress: 5850/5859 links checked…[0m[0m
2026-07-14 18:10:13 │ INFO     │ [96m[93mProgress: 5859/5859 links checked…[0m[0m
2026-07-14 18:10:13 │ INFO     │ [96m[1m[92m[FINISHED][0m Link check complete.[0m
2026-07-14 18:10:13 │ INFO     │ [96m[1m[92m[FINISHED][0m System terminated successfully.[0m
2026-07-14 20:24:26 │ INFO     │ [96m[96mLink check target:[0m output\switch_games.csv[0m
2026-07-14 20:24:26 │ INFO     │ [96m[96m--- Starting LINK CHECK ---[0m  (5892 rows from output\switch_games.csv)[0m
2026-07-14 20:24:26 │ INFO     │ [96mChecking 5859 unique links with 50 workers…[0m
2026-07-14 20:24:28 │ INFO     │ [96m[93mProgress: 25/5859 links checked…[0m[0m
2026-07-14 20:24:28 │ INFO     │ [96m[93mProgress: 50/5859 links checked…[0m[0m
2026-07-14 20:24:29 │ INFO     │ [96m[93mProgress: 75/5859 links checked…[0m[0m
2026-07-14 20:24:30 │ INFO     │ [96m[93mProgress: 100/5859 links checked…[0m[0m
2026-07-14 20:24:30 │ INFO     │ [96m[93mProgress: 125/5859 links checked…[0m[0m
2026-07-14 20:24:31 │ INFO     │ [96m[93mProgress: 150/5859 links checked…[0m[0m
2026-07-14 20:24:31 │ INFO     │ [96m[93mProgress: 175/5859 links checked…[0m[0m
2026-07-14 20:24:32 │ INFO     │ [96m[93mProgress: 200/5859 links checked…[0m[0m
2026-07-14 20:24:32 │ INFO     │ [96m[93mProgress: 225/5859 links checked…[0m[0m
2026-07-14 20:24:33 │ INFO     │ [96m[93mProgress: 250/5859 links checked…[0m[0m
2026-07-14 20:24:33 │ INFO     │ [96m[93mProgress: 275/5859 links checked…[0m[0m
2026-07-14 20:24:33 │ INFO     │ [96m[93mProgress: 300/5859 links checked…[0m[0m
2026-07-14 20:24:34 │ INFO     │ [96m[93mProgress: 325/5859 links checked…[0m[0m
2026-07-14 20:24:34 │ INFO     │ [96m[93mProgress: 350/5859 links checked…[0m[0m
2026-07-14 20:24:35 │ INFO     │ [96m[93mProgress: 375/5859 links checked…[0m[0m
2026-07-14 20:24:35 │ INFO     │ [96m[93mProgress: 400/5859 links checked…[0m[0m
2026-07-14 20:24:36 │ INFO     │ [96m[93mProgress: 425/5859 links checked…[0m[0m
2026-07-14 20:24:37 │ INFO     │ [96m[93mProgress: 450/5859 links checked…[0m[0m
2026-07-14 20:24:37 │ INFO     │ [96m[93mProgress: 475/5859 links checked…[0m[0m
2026-07-14 20:24:38 │ INFO     │ [96m[93mProgress: 500/5859 links checked…[0m[0m
2026-07-14 20:24:38 │ INFO     │ [96m[93mProgress: 525/5859 links checked…[0m[0m
2026-07-14 20:24:38 │ INFO     │ [96m[93mProgress: 550/5859 links checked…[0m[0m
2026-07-14 20:24:39 │ INFO     │ [96m[93mProgress: 575/5859 links checked…[0m[0m
2026-07-14 20:24:39 │ INFO     │ [96m[93mProgress: 600/5859 links checked…[0m[0m
2026-07-14 20:24:40 │ INFO     │ [96m[93mProgress: 625/5859 links checked…[0m[0m
2026-07-14 20:24:41 │ INFO     │ [96m[93mProgress: 650/5859 links checked…[0m[0m
2026-07-14 20:24:41 │ INFO     │ [96m[93mProgress: 675/5859 links checked…[0m[0m
2026-07-14 20:24:42 │ INFO     │ [96m[93mProgress: 700/5859 links checked…[0m[0m
2026-07-14 20:24:42 │ INFO     │ [96m[93mProgress: 725/5859 links checked…[0m[0m
2026-07-14 20:24:43 │ INFO     │ [96m[93mProgress: 750/5859 links checked…[0m[0m
2026-07-14 20:24:44 │ INFO     │ [96m[93mProgress: 775/5859 links checked…[0m[0m
2026-07-14 20:24:45 │ INFO     │ [96m[93mProgress: 800/5859 links checked…[0m[0m
2026-07-14 20:24:46 │ INFO     │ [96m[93mProgress: 825/5859 links checked…[0m[0m
2026-07-14 20:24:47 │ INFO     │ [96m[93mProgress: 850/5859 links checked…[0m[0m
2026-07-14 20:24:48 │ INFO     │ [96m[93mProgress: 875/5859 links checked…[0m[0m
2026-07-14 20:24:49 │ INFO     │ [96m[93mProgress: 900/5859 links checked…[0m[0m
2026-07-14 20:24:50 │ INFO     │ [96m[93mProgress: 925/5859 links checked…[0m[0m
2026-07-14 20:24:51 │ INFO     │ [96m[93mProgress: 950/5859 links checked…[0m[0m
2026-07-14 20:24:53 │ INFO     │ [96m[93mProgress: 975/5859 links checked…[0m[0m
2026-07-14 20:24:58 │ INFO     │ [96m[93mProgress: 1000/5859 links checked…[0m[0m
2026-07-14 20:25:01 │ INFO     │ [96m[93mProgress: 1025/5859 links checked…[0m[0m
2026-07-14 20:25:02 │ INFO     │ [96m[93mProgress: 1050/5859 links checked…[0m[0m
2026-07-14 20:25:03 │ INFO     │ [96m[93mProgress: 1075/5859 links checked…[0m[0m
2026-07-14 20:25:05 │ INFO     │ [96m[93mProgress: 1100/5859 links checked…[0m[0m
2026-07-14 20:25:07 │ INFO     │ [96m[93mProgress: 1125/5859 links checked…[0m[0m
2026-07-14 20:25:09 │ INFO     │ [96m[93mProgress: 1150/5859 links checked…[0m[0m
2026-07-14 20:25:10 │ INFO     │ [96m[93mProgress: 1175/5859 links checked…[0m[0m
2026-07-14 20:25:12 │ INFO     │ [96m[93mProgress: 1200/5859 links checked…[0m[0m
2026-07-14 20:25:14 │ INFO     │ [96m[93mProgress: 1225/5859 links checked…[0m[0m
2026-07-14 20:25:15 │ INFO     │ [96m[93mProgress: 1250/5859 links checked…[0m[0m
2026-07-14 20:25:17 │ INFO     │ [96m[93mProgress: 1275/5859 links checked…[0m[0m
2026-07-14 20:25:21 │ INFO     │ [96m[93mProgress: 1300/5859 links checked…[0m[0m
2026-07-14 20:25:23 │ INFO     │ [96m[93mProgress: 1325/5859 links checked…[0m[0m
2026-07-14 20:25:25 │ INFO     │ [96m[93mProgress: 1350/5859 links checked…[0m[0m
2026-07-14 20:25:27 │ INFO     │ [96m[93mProgress: 1375/5859 links checked…[0m[0m
2026-07-14 20:25:29 │ INFO     │ [96m[93mProgress: 1400/5859 links checked…[0m[0m
2026-07-14 20:25:30 │ INFO     │ [96m[93mProgress: 1425/5859 links checked…[0m[0m
2026-07-14 20:25:32 │ INFO     │ [96m[93mProgress: 1450/5859 links checked…[0m[0m
2026-07-14 20:25:34 │ INFO     │ [96m[93mProgress: 1475/5859 links checked…[0m[0m
2026-07-14 20:25:36 │ INFO     │ [96m[93mProgress: 1500/5859 links checked…[0m[0m
2026-07-14 20:25:37 │ INFO     │ [96m[93mProgress: 1525/5859 links checked…[0m[0m
2026-07-14 20:25:39 │ INFO     │ [96m[93mProgress: 1550/5859 links checked…[0m[0m
2026-07-14 20:25:41 │ INFO     │ [96m[93mProgress: 1575/5859 links checked…[0m[0m
2026-07-14 20:25:42 │ INFO     │ [96m[93mProgress: 1600/5859 links checked…[0m[0m
2026-07-14 20:25:44 │ INFO     │ [96m[93mProgress: 1625/5859 links checked…[0m[0m
2026-07-14 20:25:46 │ INFO     │ [96m[93mProgress: 1650/5859 links checked…[0m[0m
2026-07-14 20:25:47 │ INFO     │ [96m[93mProgress: 1675/5859 links checked…[0m[0m
2026-07-14 20:25:49 │ INFO     │ [96m[93mProgress: 1700/5859 links checked…[0m[0m
2026-07-14 20:25:50 │ INFO     │ [96m[93mProgress: 1725/5859 links checked…[0m[0m
2026-07-14 20:25:52 │ INFO     │ [96m[93mProgress: 1750/5859 links checked…[0m[0m
2026-07-14 20:25:53 │ INFO     │ [96m[93mProgress: 1775/5859 links checked…[0m[0m
2026-07-14 20:25:55 │ INFO     │ [96m[93mProgress: 1800/5859 links checked…[0m[0m
2026-07-14 20:25:56 │ INFO     │ [96m[93mProgress: 1825/5859 links checked…[0m[0m
2026-07-14 20:25:58 │ INFO     │ [96m[93mProgress: 1850/5859 links checked…[0m[0m
2026-07-14 20:26:00 │ INFO     │ [96m[93mProgress: 1875/5859 links checked…[0m[0m
2026-07-14 20:26:01 │ INFO     │ [96m[93mProgress: 1900/5859 links checked…[0m[0m
2026-07-14 20:26:04 │ INFO     │ [96m[93mProgress: 1925/5859 links checked…[0m[0m
2026-07-14 20:26:05 │ INFO     │ [96m[93mProgress: 1950/5859 links checked…[0m[0m
2026-07-14 20:26:07 │ INFO     │ [96m[93mProgress: 1975/5859 links checked…[0m[0m
2026-07-14 20:26:09 │ INFO     │ [96m[93mProgress: 2000/5859 links checked…[0m[0m
2026-07-14 20:26:12 │ INFO     │ [96m[93mProgress: 2025/5859 links checked…[0m[0m
2026-07-14 20:26:15 │ INFO     │ [96m[93mProgress: 2050/5859 links checked…[0m[0m
2026-07-14 20:26:17 │ INFO     │ [96m[93mProgress: 2075/5859 links checked…[0m[0m
2026-07-14 20:26:19 │ INFO     │ [96m[93mProgress: 2100/5859 links checked…[0m[0m
2026-07-14 20:26:21 │ INFO     │ [96m[93mProgress: 2125/5859 links checked…[0m[0m
2026-07-14 20:26:22 │ INFO     │ [96m[93mProgress: 2150/5859 links checked…[0m[0m
2026-07-14 20:26:23 │ INFO     │ [96m[93mProgress: 2175/5859 links checked…[0m[0m
2026-07-14 20:26:24 │ INFO     │ [96m[93mProgress: 2200/5859 links checked…[0m[0m
2026-07-14 20:26:25 │ INFO     │ [96m[93mProgress: 2225/5859 links checked…[0m[0m
2026-07-14 20:26:26 │ INFO     │ [96m[93mProgress: 2250/5859 links checked…[0m[0m
2026-07-14 20:26:27 │ INFO     │ [96m[93mProgress: 2275/5859 links checked…[0m[0m
2026-07-14 20:26:28 │ INFO     │ [96m[93mProgress: 2300/5859 links checked…[0m[0m
2026-07-14 20:26:29 │ INFO     │ [96m[93mProgress: 2325/5859 links checked…[0m[0m
2026-07-14 20:26:29 │ INFO     │ [96m[93mProgress: 2350/5859 links checked…[0m[0m
2026-07-14 20:26:30 │ INFO     │ [96m[93mProgress: 2375/5859 links checked…[0m[0m
2026-07-14 20:26:31 │ INFO     │ [96m[93mProgress: 2400/5859 links checked…[0m[0m
2026-07-14 20:26:32 │ INFO     │ [96m[93mProgress: 2425/5859 links checked…[0m[0m
2026-07-14 20:26:33 │ INFO     │ [96m[93mProgress: 2450/5859 links checked…[0m[0m
2026-07-14 20:26:34 │ INFO     │ [96m[93mProgress: 2475/5859 links checked…[0m[0m
2026-07-14 20:26:35 │ INFO     │ [96m[93mProgress: 2500/5859 links checked…[0m[0m
2026-07-14 20:26:36 │ INFO     │ [96m[93mProgress: 2525/5859 links checked…[0m[0m
2026-07-14 20:26:37 │ INFO     │ [96m[93mProgress: 2550/5859 links checked…[0m[0m
2026-07-14 20:26:39 │ INFO     │ [96m[93mProgress: 2575/5859 links checked…[0m[0m
2026-07-14 20:26:40 │ INFO     │ [96m[93mProgress: 2600/5859 links checked…[0m[0m
2026-07-14 20:26:41 │ INFO     │ [96m[93mProgress: 2625/5859 links checked…[0m[0m
2026-07-14 20:26:42 │ INFO     │ [96m[93mProgress: 2650/5859 links checked…[0m[0m
2026-07-14 20:26:44 │ INFO     │ [96m[93mProgress: 2675/5859 links checked…[0m[0m
2026-07-14 20:26:47 │ INFO     │ [96m[93mProgress: 2700/5859 links checked…[0m[0m
2026-07-14 20:26:49 │ INFO     │ [96m[93mProgress: 2725/5859 links checked…[0m[0m
2026-07-14 20:26:50 │ INFO     │ [96m[93mProgress: 2750/5859 links checked…[0m[0m
2026-07-14 20:26:51 │ INFO     │ [96m[93mProgress: 2775/5859 links checked…[0m[0m
2026-07-14 20:26:52 │ INFO     │ [96m[93mProgress: 2800/5859 links checked…[0m[0m
2026-07-14 20:26:53 │ INFO     │ [96m[93mProgress: 2825/5859 links checked…[0m[0m
2026-07-14 20:26:54 │ INFO     │ [96m[93mProgress: 2850/5859 links checked…[0m[0m
2026-07-14 20:26:56 │ INFO     │ [96m[93mProgress: 2875/5859 links checked…[0m[0m
2026-07-14 20:26:57 │ INFO     │ [96m[93mProgress: 2900/5859 links checked…[0m[0m
2026-07-14 20:26:59 │ INFO     │ [96m[93mProgress: 2925/5859 links checked…[0m[0m
2026-07-14 20:27:01 │ INFO     │ [96m[93mProgress: 2950/5859 links checked…[0m[0m
2026-07-14 20:27:02 │ INFO     │ [96m[93mProgress: 2975/5859 links checked…[0m[0m
2026-07-14 20:27:03 │ INFO     │ [96m[93mProgress: 3000/5859 links checked…[0m[0m
2026-07-14 20:27:04 │ INFO     │ [96m[93mProgress: 3025/5859 links checked…[0m[0m
2026-07-14 20:27:05 │ INFO     │ [96m[93mProgress: 3050/5859 links checked…[0m[0m
2026-07-14 20:27:07 │ INFO     │ [96m[93mProgress: 3075/5859 links checked…[0m[0m
2026-07-14 20:27:08 │ INFO     │ [96m[93mProgress: 3100/5859 links checked…[0m[0m
2026-07-14 20:27:09 │ INFO     │ [96m[93mProgress: 3125/5859 links checked…[0m[0m
2026-07-14 20:27:09 │ INFO     │ [96m[93mProgress: 3150/5859 links checked…[0m[0m
2026-07-14 20:27:10 │ INFO     │ [96m[93mProgress: 3175/5859 links checked…[0m[0m
2026-07-14 20:27:11 │ INFO     │ [96m[93mProgress: 3200/5859 links checked…[0m[0m
2026-07-14 20:27:12 │ INFO     │ [96m[93mProgress: 3225/5859 links checked…[0m[0m
2026-07-14 20:27:13 │ INFO     │ [96m[93mProgress: 3250/5859 links checked…[0m[0m
2026-07-14 20:27:13 │ INFO     │ [96m[93mProgress: 3275/5859 links checked…[0m[0m
2026-07-14 20:27:14 │ INFO     │ [96m[93mProgress: 3300/5859 links checked…[0m[0m
2026-07-14 20:27:15 │ INFO     │ [96m[93mProgress: 3325/5859 links checked…[0m[0m
2026-07-14 20:27:15 │ INFO     │ [96m[93mProgress: 3350/5859 links checked…[0m[0m
2026-07-14 20:27:16 │ INFO     │ [96m[93mProgress: 3375/5859 links checked…[0m[0m
2026-07-14 20:27:16 │ INFO     │ [96m[93mProgress: 3400/5859 links checked…[0m[0m
2026-07-14 20:27:17 │ INFO     │ [96m[93mProgress: 3425/5859 links checked…[0m[0m
2026-07-14 20:27:17 │ INFO     │ [96m[93mProgress: 3450/5859 links checked…[0m[0m
2026-07-14 20:27:18 │ INFO     │ [96m[93mProgress: 3475/5859 links checked…[0m[0m
2026-07-14 20:27:19 │ INFO     │ [96m[93mProgress: 3500/5859 links checked…[0m[0m
2026-07-14 20:27:19 │ INFO     │ [96m[93mProgress: 3525/5859 links checked…[0m[0m
2026-07-14 20:27:19 │ INFO     │ [96m[93mProgress: 3550/5859 links checked…[0m[0m
2026-07-14 20:27:20 │ INFO     │ [96m[93mProgress: 3575/5859 links checked…[0m[0m
2026-07-14 20:27:21 │ INFO     │ [96m[93mProgress: 3600/5859 links checked…[0m[0m
2026-07-14 20:27:21 │ INFO     │ [96m[93mProgress: 3625/5859 links checked…[0m[0m
2026-07-14 20:27:22 │ INFO     │ [96m[93mProgress: 3650/5859 links checked…[0m[0m
2026-07-14 20:27:22 │ INFO     │ [96m[93mProgress: 3675/5859 links checked…[0m[0m
2026-07-14 20:27:23 │ INFO     │ [96m[93mProgress: 3700/5859 links checked…[0m[0m
2026-07-14 20:27:24 │ INFO     │ [96m[93mProgress: 3725/5859 links checked…[0m[0m
2026-07-14 20:27:24 │ INFO     │ [96m[93mProgress: 3750/5859 links checked…[0m[0m
2026-07-14 20:27:25 │ INFO     │ [96m[93mProgress: 3775/5859 links checked…[0m[0m
2026-07-14 20:27:25 │ INFO     │ [96m[93mProgress: 3800/5859 links checked…[0m[0m
2026-07-14 20:27:26 │ INFO     │ [96m[93mProgress: 3825/5859 links checked…[0m[0m
2026-07-14 20:27:26 │ INFO     │ [96m[93mProgress: 3850/5859 links checked…[0m[0m
2026-07-14 20:27:27 │ INFO     │ [96m[93mProgress: 3875/5859 links checked…[0m[0m
2026-07-14 20:27:27 │ INFO     │ [96m[93mProgress: 3900/5859 links checked…[0m[0m
2026-07-14 20:27:28 │ INFO     │ [96m[93mProgress: 3925/5859 links checked…[0m[0m
2026-07-14 20:27:28 │ INFO     │ [96m[93mProgress: 3950/5859 links checked…[0m[0m
2026-07-14 20:27:29 │ INFO     │ [96m[93mProgress: 3975/5859 links checked…[0m[0m
2026-07-14 20:27:29 │ INFO     │ [96m[93mProgress: 4000/5859 links checked…[0m[0m
2026-07-14 20:27:30 │ INFO     │ [96m[93mProgress: 4025/5859 links checked…[0m[0m
2026-07-14 20:27:31 │ INFO     │ [96m[93mProgress: 4050/5859 links checked…[0m[0m
2026-07-14 20:27:31 │ INFO     │ [96m[93mProgress: 4075/5859 links checked…[0m[0m
2026-07-14 20:27:32 │ INFO     │ [96m[93mProgress: 4100/5859 links checked…[0m[0m
2026-07-14 20:27:32 │ INFO     │ [96m[93mProgress: 4125/5859 links checked…[0m[0m
2026-07-14 20:27:33 │ INFO     │ [96m[93mProgress: 4150/5859 links checked…[0m[0m
2026-07-14 20:27:33 │ INFO     │ [96m[93mProgress: 4175/5859 links checked…[0m[0m
2026-07-14 20:27:34 │ INFO     │ [96m[93mProgress: 4200/5859 links checked…[0m[0m
2026-07-14 20:27:34 │ INFO     │ [96m[93mProgress: 4225/5859 links checked…[0m[0m
2026-07-14 20:27:35 │ INFO     │ [96m[93mProgress: 4250/5859 links checked…[0m[0m
2026-07-14 20:27:35 │ INFO     │ [96m[93mProgress: 4275/5859 links checked…[0m[0m
2026-07-14 20:27:36 │ INFO     │ [96m[93mProgress: 4300/5859 links checked…[0m[0m
2026-07-14 20:27:37 │ INFO     │ [96m[93mProgress: 4325/5859 links checked…[0m[0m
2026-07-14 20:27:37 │ INFO     │ [96m[93mProgress: 4350/5859 links checked…[0m[0m
2026-07-14 20:27:38 │ INFO     │ [96m[93mProgress: 4375/5859 links checked…[0m[0m
2026-07-14 20:27:38 │ INFO     │ [96m[93mProgress: 4400/5859 links checked…[0m[0m
2026-07-14 20:27:39 │ INFO     │ [96m[93mProgress: 4425/5859 links checked…[0m[0m
2026-07-14 20:27:40 │ INFO     │ [96m[93mProgress: 4450/5859 links checked…[0m[0m
2026-07-14 20:27:40 │ INFO     │ [96m[93mProgress: 4475/5859 links checked…[0m[0m
2026-07-14 20:27:41 │ INFO     │ [96m[93mProgress: 4500/5859 links checked…[0m[0m
2026-07-14 20:27:41 │ INFO     │ [96m[93mProgress: 4525/5859 links checked…[0m[0m
2026-07-14 20:27:42 │ INFO     │ [96m[93mProgress: 4550/5859 links checked…[0m[0m
2026-07-14 20:27:42 │ INFO     │ [96m[93mProgress: 4575/5859 links checked…[0m[0m
2026-07-14 20:27:43 │ INFO     │ [96m[93mProgress: 4600/5859 links checked…[0m[0m
2026-07-14 20:27:43 │ INFO     │ [96m[93mProgress: 4625/5859 links checked…[0m[0m
2026-07-14 20:27:44 │ INFO     │ [96m[93mProgress: 4650/5859 links checked…[0m[0m
2026-07-14 20:27:44 │ INFO     │ [96m[93mProgress: 4675/5859 links checked…[0m[0m
2026-07-14 20:27:45 │ INFO     │ [96m[93mProgress: 4700/5859 links checked…[0m[0m
2026-07-14 20:27:46 │ INFO     │ [96m[93mProgress: 4725/5859 links checked…[0m[0m
2026-07-14 20:27:46 │ INFO     │ [96m[93mProgress: 4750/5859 links checked…[0m[0m
2026-07-14 20:27:47 │ INFO     │ [96m[93mProgress: 4775/5859 links checked…[0m[0m
2026-07-14 20:27:47 │ INFO     │ [96m[93mProgress: 4800/5859 links checked…[0m[0m
2026-07-14 20:27:48 │ INFO     │ [96m[93mProgress: 4825/5859 links checked…[0m[0m
2026-07-14 20:27:49 │ INFO     │ [96m[93mProgress: 4850/5859 links checked…[0m[0m
2026-07-14 20:27:49 │ INFO     │ [96m[93mProgress: 4875/5859 links checked…[0m[0m
2026-07-14 20:27:50 │ INFO     │ [96m[93mProgress: 4900/5859 links checked…[0m[0m
2026-07-14 20:27:50 │ INFO     │ [96m[93mProgress: 4925/5859 links checked…[0m[0m
2026-07-14 20:27:51 │ INFO     │ [96m[93mProgress: 4950/5859 links checked…[0m[0m
2026-07-14 20:27:51 │ INFO     │ [96m[93mProgress: 4975/5859 links checked…[0m[0m
2026-07-14 20:27:52 │ INFO     │ [96m[93mProgress: 5000/5859 links checked…[0m[0m
2026-07-14 20:27:53 │ INFO     │ [96m[93mProgress: 5025/5859 links checked…[0m[0m
2026-07-14 20:27:53 │ INFO     │ [96m[93mProgress: 5050/5859 links checked…[0m[0m
2026-07-14 20:27:54 │ INFO     │ [96m[93mProgress: 5075/5859 links checked…[0m[0m
2026-07-14 20:27:54 │ INFO     │ [96m[93mProgress: 5100/5859 links checked…[0m[0m
2026-07-14 20:27:55 │ INFO     │ [96m[93mProgress: 5125/5859 links checked…[0m[0m
2026-07-14 20:27:56 │ INFO     │ [96m[93mProgress: 5150/5859 links checked…[0m[0m
2026-07-14 20:27:56 │ INFO     │ [96m[93mProgress: 5175/5859 links checked…[0m[0m
2026-07-14 20:27:57 │ INFO     │ [96m[93mProgress: 5200/5859 links checked…[0m[0m
2026-07-14 20:27:57 │ INFO     │ [96m[93mProgress: 5225/5859 links checked…[0m[0m
2026-07-14 20:27:58 │ INFO     │ [96m[93mProgress: 5250/5859 links checked…[0m[0m
2026-07-14 20:27:59 │ INFO     │ [96m[93mProgress: 5275/5859 links checked…[0m[0m
2026-07-14 20:27:59 │ INFO     │ [96m[93mProgress: 5300/5859 links checked…[0m[0m
2026-07-14 20:28:00 │ INFO     │ [96m[93mProgress: 5325/5859 links checked…[0m[0m
2026-07-14 20:28:00 │ INFO     │ [96m[93mProgress: 5350/5859 links checked…[0m[0m
2026-07-14 20:28:01 │ INFO     │ [96m[93mProgress: 5375/5859 links checked…[0m[0m
2026-07-14 20:28:01 │ INFO     │ [96m[93mProgress: 5400/5859 links checked…[0m[0m
2026-07-14 20:28:02 │ INFO     │ [96m[93mProgress: 5425/5859 links checked…[0m[0m
2026-07-14 20:28:02 │ INFO     │ [96m[93mProgress: 5450/5859 links checked…[0m[0m
2026-07-14 20:28:03 │ INFO     │ [96m[93mProgress: 5475/5859 links checked…[0m[0m
2026-07-14 20:28:04 │ INFO     │ [96m[93mProgress: 5500/5859 links checked…[0m[0m
2026-07-14 20:28:04 │ INFO     │ [96m[93mProgress: 5525/5859 links checked…[0m[0m
2026-07-14 20:28:05 │ INFO     │ [96m[93mProgress: 5550/5859 links checked…[0m[0m
2026-07-14 20:28:06 │ INFO     │ [96m[93mProgress: 5575/5859 links checked…[0m[0m
2026-07-14 20:28:07 │ INFO     │ [96m[93mProgress: 5600/5859 links checked…[0m[0m
2026-07-14 20:28:07 │ INFO     │ [96m[93mProgress: 5625/5859 links checked…[0m[0m
2026-07-14 20:28:08 │ INFO     │ [96m[93mProgress: 5650/5859 links checked…[0m[0m
2026-07-14 20:28:09 │ INFO     │ [96m[93mProgress: 5675/5859 links checked…[0m[0m
2026-07-14 20:28:09 │ INFO     │ [96m[93mProgress: 5700/5859 links checked…[0m[0m
2026-07-14 20:28:10 │ INFO     │ [96m[93mProgress: 5725/5859 links checked…[0m[0m
2026-07-14 20:28:11 │ INFO     │ [96m[93mProgress: 5750/5859 links checked…[0m[0m
2026-07-14 20:28:12 │ INFO     │ [96m[93mProgress: 5775/5859 links checked…[0m[0m
2026-07-14 20:28:12 │ INFO     │ [96m[93mProgress: 5800/5859 links checked…[0m[0m
2026-07-14 20:28:13 │ INFO     │ [96m[93mProgress: 5825/5859 links checked…[0m[0m
2026-07-14 20:28:21 │ INFO     │ [96m[93mProgress: 5850/5859 links checked…[0m[0m
2026-07-14 20:28:29 │ INFO     │ [96m[93mProgress: 5859/5859 links checked…[0m[0m
2026-07-14 20:28:29 │ INFO     │ [96m[1m[92m[FINISHED][0m Link check complete.[0m
2026-07-14 20:28:29 │ INFO     │ [96m[1m[92m[FINISHED][0m System terminated successfully.[0m
2026-07-15 14:37:42 │ INFO     │ [96mConfiguration: mode=ALL SITE | format=ALL | hoster=ALL | output=both | workers=5[0m
2026-07-15 14:37:42 │ INFO     │ [96m[96mTarget site:[0m dodi (Windows PC)[0m
2026-07-15 14:37:42 │ INFO     │ [96m[96m--- Starting FULL SITE scrape: dodi (Windows PC) ---[0m[0m
2026-07-15 14:37:42 │ WARNING  │ [93mSite 'dodi' does not support full-site discovery — falling back to paginated sweep with de-duplication.[0m
2026-07-15 14:37:42 │ INFO     │ [96m[PAGE 1] Fetching: https://dodi-repacks.site/?s=spider-man[0m
2026-07-15 14:37:46 │ INFO     │ [96mFound 7 games on page 1.[0m
2026-07-15 14:37:48 │ INFO     │ [96m  [1] [1m612- The Amazing Spider-Man 2 Bundle (All DLCs + MULTi6) – [DODI Repack][0m — 3 mirrors[0m
2026-07-15 14:37:48 │ INFO     │ [96m  [2] [1m1401- Marvel’s Spider-Man Remastered (v4.630 + DLCs + Bonus Content + MULTi22) (From 38.5 GB) [DODI Repack][0m — 8 mirrors[0m
2026-07-15 14:37:48 │ INFO     │ [96m  [3] [1m610- Spider-Man: Web of Shadows (v 1.1) (From 3.66 GB) [DODI Repack][0m — 4 mirrors[0m
2026-07-15 14:37:48 │ INFO     │ [96m  [4] [1m2080- Marvel’s Spider-Man 2 – Digital Deluxe Edition (v2.629 + All DLCs + Bonus PSN Items + MULTi26) (From 65.9 GB) [DODI Repack][0m — 6 mirrors[0m
2026-07-15 14:37:48 │ INFO     │ [96m  [5] [1m1479- Marvel’s Spider-Man: Miles Morales (v4.630 + DLCs + Bonus Content + MULTi23) (From 27.7 GB) [DODI Repack][0m — 6 mirrors[0m
2026-07-15 14:37:51 │ INFO     │ [96m  [6] [1m611- The Amazing Spider-Man (Update1 + All DLCs + Fixes + MULTi6) – [DODI Repack][0m — 4 mirrors[0m
2026-07-15 14:37:51 │ INFO     │ [96m  [7] [1m411- Spider-Man: Shattered Dimensions – [DODI Repack][0m — 3 mirrors[0m
2026-07-15 14:37:51 │ INFO     │ [96m[93mProgress: 7 unique games scraped so far…[0m[0m
2026-07-15 14:37:51 │ INFO     │ [96m[PAGE 2] Fetching: https://dodi-repacks.site/page/2/?s=spider-man[0m
2026-07-15 14:37:53 │ INFO     │ [96mFound 1 games on page 2.[0m
2026-07-15 14:37:56 │ INFO     │ [96m  [1] Hot, Featured, New and Upcoming Repacks — no mirrors matched filters.[0m
2026-07-15 14:37:56 │ INFO     │ [96m[93mProgress: 7 unique games scraped so far…[0m[0m
2026-07-15 14:37:56 │ INFO     │ [96m[PAGE 3] Fetching: https://dodi-repacks.site/page/3/?s=spider-man[0m
2026-07-15 14:37:58 │ ERROR    │ [91mHTTP 404 Not Found: https://dodi-repacks.site/page/3/?s=spider-man[0m
2026-07-15 14:37:58 │ WARNING  │ [93mCould not retrieve page 3 — skipping.[0m
2026-07-15 14:37:58 │ INFO     │ [96mStopping auto-paginate (page 3 unreachable).[0m
2026-07-15 14:37:58 │ INFO     │ [96m[96m--- Exporting results ---[0m[0m
2026-07-15 14:37:58 │ INFO     │ [96m[92m✔[0m JSON saved: output\switch_games.json[0m
2026-07-15 14:37:58 │ INFO     │ [96m[92m✔[0m CSV saved: output\switch_games.csv[0m
2026-07-15 14:37:58 │ INFO     │ [96m[96m--- Database history (run #1) ---[0m[0m
2026-07-15 14:37:58 │ INFO     │ [96m  [92mNew[0m: 7   [93mChanged[0m: 0   [91mRemoved[0m: 0   Unchanged: 0[0m
2026-07-15 14:37:58 │ INFO     │ [96m  [92mNEW:[0m 612- The Amazing Spider-Man 2 Bundle (All DLCs + MULTi6) – [DODI Repack], 1401- Marvel’s Spider-Man Remastered (v4.630 + DLCs + Bonus Content + MULTi22) (From 38.5 GB) [DODI Repack], 610- Spider-Man: Web of Shadows (v 1.1) (From 3.66 GB) [DODI Repack], 2080- Marvel’s Spider-Man 2 – Digital Deluxe Edition (v2.629 + All DLCs + Bonus PSN Items + MULTi26) (From 65.9 GB) [DODI Repack], 1479- Marvel’s Spider-Man: Miles Morales (v4.630 + DLCs + Bonus Content + MULTi23) (From 27.7 GB) [DODI Repack], … (+2 more)[0m
2026-07-15 14:37:58 │ INFO     │ [96m[1m[92m[FINISHED][0m System terminated successfully.[0m
